#
# There is insufficient memory for the Java Runtime Environment to continue.
# Native memory allocation (malloc) failed to allocate 1577376 bytes for Chunk::new
# Possible reasons:
#   The system is out of physical RAM or swap space
#   In 32 bit mode, the process size limit was hit
# Possible solutions:
#   Reduce memory load on the system
#   Increase physical memory or swap space
#   Check if swap backing store is full
#   Use 64 bit Java on a 64 bit OS
#   Decrease Java heap size (-Xmx/-Xms)
#   Decrease number of Java threads
#   Decrease Java thread stack sizes (-Xss)
#   Set larger code cache with -XX:ReservedCodeCacheSize=
# This output file may be truncated or incomplete.
#
#  Out of Memory Error (allocation.cpp:390), pid=664, tid=0x0000000000006b80
#
# JRE version: Java(TM) SE Runtime Environment (8.0_131-b11) (build 1.8.0_131-b11)
# Java VM: Java HotSpot(TM) 64-Bit Server VM (25.131-b11 mixed mode windows-amd64 compressed oops)
# Failed to write core dump. Minidumps are not enabled by default on client versions of Windows
#

---------------  T H R E A D  ---------------

Current thread (0x000000001870f800):  JavaThread "C2 CompilerThread0" daemon [_thread_in_native, id=27520, stack(0x0000000018de0000,0x0000000018ee0000)]

Stack: [0x0000000018de0000,0x0000000018ee0000]
[error occurred during error reporting (printing stack bounds), id 0xc0000005]

Native frames: (J=compiled Java code, j=interpreted, Vv=VM code, C=native code)


Current CompileTask:
C2: 332770 18265 %     4       com.android.tools.r8.ir.regalloc.LinearScanRegisterAllocator::a @ 2115 (3993 bytes)


---------------  P R O C E S S  ---------------

Java Threads: ( => current thread )
  0x00000000213ac800 JavaThread "ForkJoinPool-6-worker-0" daemon [_thread_blocked, id=28536, stack(0x000000002dfb0000,0x000000002e0b0000)]
  0x00000000213aa000 JavaThread "ForkJoinPool-6-worker-7" daemon [_thread_blocked, id=25568, stack(0x000000002cea0000,0x000000002cfa0000)]
  0x00000000213a9800 JavaThread "ForkJoinPool-6-worker-6" daemon [_thread_blocked, id=30144, stack(0x000000002cda0000,0x000000002cea0000)]
  0x00000000213ae000 JavaThread "ForkJoinPool-6-worker-5" daemon [_thread_blocked, id=996, stack(0x000000002cca0000,0x000000002cda0000)]
  0x00000000213a8800 JavaThread "ForkJoinPool-6-worker-4" daemon [_thread_blocked, id=9168, stack(0x000000002cba0000,0x000000002cca0000)]
  0x00000000213ad000 JavaThread "ForkJoinPool-6-worker-3" daemon [_thread_blocked, id=12552, stack(0x000000002caa0000,0x000000002cba0000)]
  0x00000000213ab800 JavaThread "ForkJoinPool-6-worker-2" daemon [_thread_blocked, id=30220, stack(0x000000002c2f0000,0x000000002c3f0000)]
  0x00000000213a0800 JavaThread "ForkJoinPool-6-worker-1" daemon [_thread_blocked, id=13208, stack(0x000000002ae50000,0x000000002af50000)]
  0x00000000213a2000 JavaThread "WorkerExecutor Queue Thread 11" [_thread_blocked, id=1864, stack(0x0000000027960000,0x0000000027a60000)]
  0x00000000213a2800 JavaThread "WorkerExecutor Queue Thread 10" [_thread_in_Java, id=30216, stack(0x0000000027b60000,0x0000000027c60000)]
  0x00000000213a6800 JavaThread "ForkJoinPool.commonPool-worker-6" daemon [_thread_blocked, id=3948, stack(0x000000002c760000,0x000000002c860000)]
  0x00000000213a5800 JavaThread "ForkJoinPool.commonPool-worker-5" daemon [_thread_blocked, id=3444, stack(0x000000002c660000,0x000000002c760000)]
  0x00000000213a3800 JavaThread "ForkJoinPool.commonPool-worker-4" daemon [_thread_blocked, id=17556, stack(0x000000002c560000,0x000000002c660000)]
  0x00000000213a5000 JavaThread "ForkJoinPool.commonPool-worker-3" daemon [_thread_blocked, id=13112, stack(0x000000002c460000,0x000000002c560000)]
  0x00000000213a4000 JavaThread "ForkJoinPool.commonPool-worker-1" daemon [_thread_blocked, id=17296, stack(0x000000002b020000,0x000000002b120000)]
  0x0000000022074800 JavaThread "Cache worker for Java compile cache (D:\Broadcast\.gradle\5.6.4\javaCompile)" [_thread_blocked, id=4344, stack(0x000000002a750000,0x000000002a850000)]
  0x0000000022073800 JavaThread "Cache worker for Java compile cache (C:\Users\18432\.gradle\caches\5.6.4\javaCompile)" [_thread_blocked, id=20856, stack(0x0000000028bc0000,0x0000000028cc0000)]
  0x000000002206f000 JavaThread "stdout" [_thread_in_native, id=19592, stack(0x0000000028570000,0x0000000028670000)]
  0x000000002206a800 JavaThread "stderr" [_thread_in_native, id=21952, stack(0x0000000028060000,0x0000000028160000)]
  0x0000000022070000 JavaThread "stdout" [_thread_in_native, id=9388, stack(0x00000000288c0000,0x00000000289c0000)]
  0x0000000022070800 JavaThread "stderr" [_thread_in_native, id=18864, stack(0x00000000287c0000,0x00000000288c0000)]
  0x0000000022068800 JavaThread "stdout" [_thread_in_native, id=29360, stack(0x00000000286c0000,0x00000000287c0000)]
  0x000000002206a000 JavaThread "stderr" [_thread_in_native, id=14976, stack(0x0000000028230000,0x0000000028330000)]
  0x0000000022069000 JavaThread "stdout" [_thread_in_native, id=19468, stack(0x0000000028470000,0x0000000028570000)]
  0x000000002206c000 JavaThread "stderr" [_thread_in_native, id=22596, stack(0x0000000028370000,0x0000000028470000)]
  0x0000000022067800 JavaThread "stdout" [_thread_in_native, id=28308, stack(0x0000000027f60000,0x0000000028060000)]
  0x000000002206e800 JavaThread "stderr" [_thread_in_native, id=26044, stack(0x0000000027e60000,0x0000000027f60000)]
  0x000000001d878800 JavaThread "WorkerExecutor Queue Thread 5" [_thread_blocked, id=22280, stack(0x0000000027a60000,0x0000000027b60000)]
  0x000000001d87b800 JavaThread "WorkerExecutor Queue Thread 3" [_thread_blocked, id=4580, stack(0x0000000027860000,0x0000000027960000)]
  0x000000001d87d800 JavaThread "WorkerExecutor Queue Thread 2" [_thread_blocked, id=3952, stack(0x0000000027760000,0x0000000027860000)]
  0x000000001d87e000 JavaThread "stdout" [_thread_in_native, id=5724, stack(0x0000000027660000,0x0000000027760000)]
  0x000000002016d800 JavaThread "stderr" [_thread_in_native, id=19804, stack(0x0000000027560000,0x0000000027660000)]
  0x00000000189bd000 JavaThread "stdout" [_thread_in_native, id=21392, stack(0x0000000027460000,0x0000000027560000)]
  0x00000000189bc000 JavaThread "stderr" [_thread_in_native, id=25148, stack(0x0000000027360000,0x0000000027460000)]
  0x00000000189bb800 JavaThread "stdout" [_thread_in_native, id=26308, stack(0x0000000027260000,0x0000000027360000)]
  0x00000000189bd800 JavaThread "stderr" [_thread_in_native, id=14092, stack(0x0000000027060000,0x0000000027160000)]
  0x00000000189bf000 JavaThread "pool-12-thread-1" [_thread_blocked, id=1972, stack(0x0000000027160000,0x0000000027260000)]
  0x00000000189c0000 JavaThread "WorkerExecutor Queue" [_thread_blocked, id=3212, stack(0x0000000026d60000,0x0000000026e60000)]
  0x00000000189b9000 JavaThread "Cache worker for execution history cache (D:\Broadcast\.gradle\5.6.4\executionHistory)" [_thread_blocked, id=9724, stack(0x0000000026c60000,0x0000000026d60000)]
  0x00000000189b4000 JavaThread "Execution worker for ':' Thread 7" [_thread_blocked, id=23804, stack(0x0000000026960000,0x0000000026a60000)]
  0x00000000189b8800 JavaThread "Execution worker for ':' Thread 6" [_thread_blocked, id=2112, stack(0x0000000026860000,0x0000000026960000)]
  0x00000000189b7000 JavaThread "Execution worker for ':' Thread 5" [_thread_blocked, id=25776, stack(0x0000000026760000,0x0000000026860000)]
  0x00000000189ba800 JavaThread "Execution worker for ':' Thread 4" [_thread_blocked, id=20508, stack(0x0000000026660000,0x0000000026760000)]
  0x00000000189b7800 JavaThread "Execution worker for ':' Thread 3" [_thread_blocked, id=29000, stack(0x0000000026560000,0x0000000026660000)]
  0x00000000189b4800 JavaThread "Execution worker for ':' Thread 2" [_thread_blocked, id=8888, stack(0x0000000026460000,0x0000000026560000)]
  0x00000000189b6000 JavaThread "Execution worker for ':'" [_thread_blocked, id=9884, stack(0x0000000026360000,0x0000000026460000)]
  0x00000000189b5800 JavaThread "Cache worker for file content cache (D:\Broadcast\.gradle\5.6.4\fileContent)" [_thread_blocked, id=12720, stack(0x0000000026260000,0x0000000026360000)]
  0x00000000189ba000 JavaThread "Cache worker for file content cache (C:\Users\18432\.gradle\caches\5.6.4\fileContent)" [_thread_blocked, id=10128, stack(0x0000000026160000,0x0000000026260000)]
  0x00000000189b2800 JavaThread "Cache worker for Build Output Cleanup Cache (D:\Broadcast\.gradle\buildOutputCleanup)" [_thread_blocked, id=24616, stack(0x0000000025f60000,0x0000000026060000)]
  0x00000000189b1000 JavaThread "Build operations Thread 8" [_thread_blocked, id=22956, stack(0x0000000025390000,0x0000000025490000)]
  0x00000000189b3000 JavaThread "Build operations Thread 7" [_thread_blocked, id=31276, stack(0x0000000023e80000,0x0000000023f80000)]
  0x00000000189b1800 JavaThread "Build operations Thread 6" [_thread_blocked, id=15472, stack(0x0000000023610000,0x0000000023710000)]
  0x000000001a0d9800 JavaThread "Build operations Thread 5" [_thread_blocked, id=30904, stack(0x0000000022f10000,0x0000000023010000)]
  0x000000001a0db000 JavaThread "Build operations Thread 4" [_thread_blocked, id=16488, stack(0x0000000022e10000,0x0000000022f10000)]
  0x000000001a0df000 JavaThread "Build operations Thread 3" [_thread_blocked, id=2700, stack(0x0000000022870000,0x0000000022970000)]
  0x000000001a0dd800 JavaThread "Build operations Thread 2" [_thread_blocked, id=21472, stack(0x0000000022770000,0x0000000022870000)]
  0x000000002016f000 JavaThread "Build operations" [_thread_blocked, id=13992, stack(0x0000000022670000,0x0000000022770000)]
  0x0000000020167800 JavaThread "Cache worker for cache directory md-rule (C:\Users\18432\.gradle\caches\5.6.4\md-rule)" [_thread_blocked, id=28020, stack(0x0000000022570000,0x0000000022670000)]
  0x000000002016e000 JavaThread "Cache worker for cache directory md-supplier (C:\Users\18432\.gradle\caches\5.6.4\md-supplier)" [_thread_blocked, id=13788, stack(0x0000000020820000,0x0000000020920000)]
  0x0000000020160000 JavaThread "Cache worker for file hash cache (D:\Broadcast\.gradle\5.6.4\fileHashes)" [_thread_blocked, id=15672, stack(0x0000000020720000,0x0000000020820000)]
  0x0000000020166800 JavaThread "Thread-50" [_thread_blocked, id=9516, stack(0x000000001f1f0000,0x000000001f2f0000)]
  0x0000000020164800 JavaThread "Stdin handler" [_thread_blocked, id=27724, stack(0x000000001c750000,0x000000001c850000)]
  0x0000000020165000 JavaThread "Asynchronous log dispatcher for DefaultDaemonConnection: socket connection from /127.0.0.1:20519 to /127.0.0.1:20569" [_thread_blocked, id=26432, stack(0x000000001c650000,0x000000001c750000)]
  0x0000000020163800 JavaThread "Daemon worker Thread 3" [_thread_blocked, id=24248, stack(0x000000001c550000,0x000000001c650000)]
  0x0000000020160800 JavaThread "Cancel handler" [_thread_blocked, id=4548, stack(0x000000001c250000,0x000000001c350000)]
  0x0000000020162000 JavaThread "Handler for socket connection from /127.0.0.1:20519 to /127.0.0.1:20569" [_thread_in_native, id=16124, stack(0x000000001c150000,0x000000001c250000)]
  0x0000000020163000 JavaThread "Daemon Thread 3" [_thread_blocked, id=23012, stack(0x0000000000a70000,0x0000000000b70000)]
  0x000000002016b000 JavaThread "Memory manager" [_thread_blocked, id=11348, stack(0x0000000023710000,0x0000000023810000)]
  0x000000001a0e0800 JavaThread "Cache worker for execution history cache (C:\Users\18432\.gradle\caches\5.6.4\executionHistory)" [_thread_blocked, id=14296, stack(0x0000000020920000,0x0000000020a20000)]
  0x000000001a0dc000 JavaThread "Cache worker for journal cache (C:\Users\18432\.gradle\caches\journal-1)" [_thread_blocked, id=22784, stack(0x000000001cf50000,0x000000001d050000)]
  0x000000001a0de000 JavaThread "File lock request listener" [_thread_in_native, id=4436, stack(0x000000001ce50000,0x000000001cf50000)]
  0x000000001a0df800 JavaThread "Cache worker for file hash cache (C:\Users\18432\.gradle\caches\5.6.4\fileHashes)" [_thread_blocked, id=7924, stack(0x000000001cd50000,0x000000001ce50000)]
  0x0000000019958800 JavaThread "Daemon periodic checks" [_thread_blocked, id=14332, stack(0x000000001c050000,0x000000001c150000)]
  0x0000000019d9f800 JavaThread "Incoming local TCP Connector on port 20519" [_thread_in_native, id=18372, stack(0x000000001bea0000,0x000000001bfa0000)]
  0x0000000018a60800 JavaThread "Daemon health stats" [_thread_blocked, id=22612, stack(0x000000001bb80000,0x000000001bc80000)]
  0x0000000018775000 JavaThread "Service Thread" daemon [_thread_blocked, id=17956, stack(0x00000000191e0000,0x00000000192e0000)]
  0x0000000018725800 JavaThread "C1 CompilerThread3" daemon [_thread_blocked, id=27216, stack(0x00000000190e0000,0x00000000191e0000)]
  0x0000000018721800 JavaThread "C2 CompilerThread2" daemon [_thread_in_native, id=7324, stack(0x0000000018fe0000,0x00000000190e0000)]
  0x000000001871d800 JavaThread "C2 CompilerThread1" daemon [_thread_in_native, id=18716, stack(0x0000000018ee0000,0x0000000018fe0000)]
=>0x000000001870f800 JavaThread "C2 CompilerThread0" daemon [_thread_in_native, id=27520, stack(0x0000000018de0000,0x0000000018ee0000)]
  0x000000001870b800 JavaThread "Attach Listener" daemon [_thread_blocked, id=17548, stack(0x0000000018ce0000,0x0000000018de0000)]
  0x00000000186b8800 JavaThread "Signal Dispatcher" daemon [_thread_blocked, id=16732, stack(0x0000000018be0000,0x0000000018ce0000)]
  0x00000000029d9000 JavaThread "Finalizer" daemon [_thread_blocked, id=28044, stack(0x0000000018a80000,0x0000000018b80000)]
  0x00000000029d7800 JavaThread "Reference Handler" daemon [_thread_blocked, id=27556, stack(0x0000000018580000,0x0000000018680000)]
  0x00000000027de000 JavaThread "main" [_thread_blocked, id=25668, stack(0x00000000027e0000,0x00000000028e0000)]

Other Threads:
  0x0000000016799800 VMThread [stack: 0x0000000018480000,0x0000000018580000] [id=21892]
  0x0000000018817000 WatcherThread [stack: 0x00000000192e0000,0x00000000193e0000] [id=25660]

VM state:not at safepoint (normal execution)

VM Mutex/Monitor currently owned by a thread: None

Heap:
 PSYoungGen      total 334848K, used 51563K [0x00000000e0000000, 0x00000000f6500000, 0x0000000100000000)
  eden space 312320K, 14% used [0x00000000e0000000,0x00000000e2d7eca0,0x00000000f3100000)
  from space 22528K, 22% used [0x00000000f4f00000,0x00000000f53dc070,0x00000000f6500000)
  to   space 26624K, 0% used [0x00000000f3100000,0x00000000f3100000,0x00000000f4b00000)
 ParOldGen       total 137216K, used 66846K [0x00000000a0000000, 0x00000000a8600000, 0x00000000e0000000)
  object space 137216K, 48% used [0x00000000a0000000,0x00000000a4147920,0x00000000a8600000)
 Metaspace       used 94700K, capacity 98976K, committed 100352K, reserved 1136640K
  class space    used 12629K, capacity 13517K, committed 13824K, reserved 1048576K

Card table byte_map: [0x0000000011da0000,0x00000000120b0000] byte_map_base: 0x00000000118a0000

Marking Bits: (ParMarkBitMap*) 0x00000000534dc720
 Begin Bits: [0x0000000012ab0000, 0x00000000142b0000)
 End Bits:   [0x00000000142b0000, 0x0000000015ab0000)

Polling page: 0x00000000003f0000

CodeCache: size=245760Kb used=51762Kb max_used=51762Kb free=193997Kb
 bounds [0x00000000029e0000, 0x0000000005ce0000, 0x00000000119e0000]
 total_blobs=16223 nmethods=15345 adapters=784
 compilation: enabled

Compilation events (10 events):
Event: 332.704 Thread 0x0000000018725800 18821       2       com.android.tools.r8.graph.u::a (71 bytes)
Event: 332.705 Thread 0x0000000018725800 nmethod 18821 0x00000000059f9410 code [0x00000000059f95c0, 0x00000000059f9a98]
Event: 332.705 Thread 0x0000000018725800 18822       1       com.android.tools.r8.graph.h0::a (5 bytes)
Event: 332.706 Thread 0x0000000018725800 nmethod 18822 0x00000000034aaf90 code [0x00000000034ab0e0, 0x00000000034ab1f0]
Event: 332.726 Thread 0x0000000018725800 18823       2       com.android.tools.r8.dex.K::a (86 bytes)
Event: 332.727 Thread 0x0000000018725800 nmethod 18823 0x00000000059f8b50 code [0x00000000059f8d00, 0x00000000059f9148]
Event: 332.729 Thread 0x0000000018725800 18824       2       com.android.tools.r8.code.V::a (1 bytes)
Event: 332.729 Thread 0x0000000018725800 nmethod 18824 0x0000000003ee2650 code [0x0000000003ee27a0, 0x0000000003ee28f0]
Event: 332.755 Thread 0x0000000018725800 18825       1       com.android.tools.r8.dex.K::b (5 bytes)
Event: 332.755 Thread 0x0000000018725800 nmethod 18825 0x00000000059f8890 code [0x00000000059f89e0, 0x00000000059f8ad0]

GC Heap History (10 events):
Event: 323.627 GC heap before
{Heap before GC invocations=24 (full 4):
 PSYoungGen      total 258560K, used 228864K [0x00000000e0000000, 0x00000000f4480000, 0x0000000100000000)
  eden space 228864K, 100% used [0x00000000e0000000,0x00000000edf80000,0x00000000edf80000)
  from space 29696K, 0% used [0x00000000edf80000,0x00000000edf80000,0x00000000efc80000)
  to   space 30720K, 0% used [0x00000000f2680000,0x00000000f2680000,0x00000000f4480000)
 ParOldGen       total 137216K, used 66830K [0x00000000a0000000, 0x00000000a8600000, 0x00000000e0000000)
  object space 137216K, 48% used [0x00000000a0000000,0x00000000a4143920,0x00000000a8600000)
 Metaspace       used 93449K, capacity 97626K, committed 99116K, reserved 1134592K
  class space    used 12533K, capacity 13382K, committed 13696K, reserved 1048576K
Event: 323.662 GC heap after
Heap after GC invocations=24 (full 4):
 PSYoungGen      total 302592K, used 10420K [0x00000000e0000000, 0x00000000f4680000, 0x0000000100000000)
  eden space 271872K, 0% used [0x00000000e0000000,0x00000000e0000000,0x00000000f0980000)
  from space 30720K, 33% used [0x00000000f2680000,0x00000000f30ad2e8,0x00000000f4480000)
  to   space 29696K, 0% used [0x00000000f0980000,0x00000000f0980000,0x00000000f2680000)
 ParOldGen       total 137216K, used 66838K [0x00000000a0000000, 0x00000000a8600000, 0x00000000e0000000)
  object space 137216K, 48% used [0x00000000a0000000,0x00000000a4145920,0x00000000a8600000)
 Metaspace       used 93449K, capacity 97626K, committed 99116K, reserved 1134592K
  class space    used 12533K, capacity 13382K, committed 13696K, reserved 1048576K
}
Event: 325.700 GC heap before
{Heap before GC invocations=25 (full 4):
 PSYoungGen      total 302592K, used 282292K [0x00000000e0000000, 0x00000000f4680000, 0x0000000100000000)
  eden space 271872K, 100% used [0x00000000e0000000,0x00000000f0980000,0x00000000f0980000)
  from space 30720K, 33% used [0x00000000f2680000,0x00000000f30ad2e8,0x00000000f4480000)
  to   space 29696K, 0% used [0x00000000f0980000,0x00000000f0980000,0x00000000f2680000)
 ParOldGen       total 137216K, used 66838K [0x00000000a0000000, 0x00000000a8600000, 0x00000000e0000000)
  object space 137216K, 48% used [0x00000000a0000000,0x00000000a4145920,0x00000000a8600000)
 Metaspace       used 94179K, capacity 98436K, committed 99756K, reserved 1134592K
  class space    used 12616K, capacity 13481K, committed 13824K, reserved 1048576K
Event: 325.725 GC heap after
Heap after GC invocations=25 (full 4):
 PSYoungGen      total 301568K, used 15262K [0x00000000e0000000, 0x00000000f4680000, 0x0000000100000000)
  eden space 271872K, 0% used [0x00000000e0000000,0x00000000e0000000,0x00000000f0980000)
  from space 29696K, 51% used [0x00000000f0980000,0x00000000f1867ad0,0x00000000f2680000)
  to   space 30720K, 0% used [0x00000000f2680000,0x00000000f2680000,0x00000000f4480000)
 ParOldGen       total 137216K, used 66846K [0x00000000a0000000, 0x00000000a8600000, 0x00000000e0000000)
  object space 137216K, 48% used [0x00000000a0000000,0x00000000a4147920,0x00000000a8600000)
 Metaspace       used 94179K, capacity 98436K, committed 99756K, reserved 1134592K
  class space    used 12616K, capacity 13481K, committed 13824K, reserved 1048576K
}
Event: 327.583 GC heap before
{Heap before GC invocations=26 (full 4):
 PSYoungGen      total 301568K, used 287134K [0x00000000e0000000, 0x00000000f4680000, 0x0000000100000000)
  eden space 271872K, 100% used [0x00000000e0000000,0x00000000f0980000,0x00000000f0980000)
  from space 29696K, 51% used [0x00000000f0980000,0x00000000f1867ad0,0x00000000f2680000)
  to   space 30720K, 0% used [0x00000000f2680000,0x00000000f2680000,0x00000000f4480000)
 ParOldGen       total 137216K, used 66846K [0x00000000a0000000, 0x00000000a8600000, 0x00000000e0000000)
  object space 137216K, 48% used [0x00000000a0000000,0x00000000a4147920,0x00000000a8600000)
 Metaspace       used 94269K, capacity 98574K, committed 99840K, reserved 1134592K
  class space    used 12617K, capacity 13482K, committed 13824K, reserved 1048576K
Event: 327.615 GC heap after
Heap after GC invocations=26 (full 4):
 PSYoungGen      total 302592K, used 11547K [0x00000000e0000000, 0x00000000f4680000, 0x0000000100000000)
  eden space 271872K, 0% used [0x00000000e0000000,0x00000000e0000000,0x00000000f0980000)
  from space 30720K, 37% used [0x00000000f2680000,0x00000000f31c6df8,0x00000000f4480000)
  to   space 29696K, 0% used [0x00000000f0980000,0x00000000f0980000,0x00000000f2680000)
 ParOldGen       total 137216K, used 66846K [0x00000000a0000000, 0x00000000a8600000, 0x00000000e0000000)
  object space 137216K, 48% used [0x00000000a0000000,0x00000000a4147920,0x00000000a8600000)
 Metaspace       used 94269K, capacity 98574K, committed 99840K, reserved 1134592K
  class space    used 12617K, capacity 13482K, committed 13824K, reserved 1048576K
}
Event: 329.460 GC heap before
{Heap before GC invocations=27 (full 4):
 PSYoungGen      total 302592K, used 283419K [0x00000000e0000000, 0x00000000f4680000, 0x0000000100000000)
  eden space 271872K, 100% used [0x00000000e0000000,0x00000000f0980000,0x00000000f0980000)
  from space 30720K, 37% used [0x00000000f2680000,0x00000000f31c6df8,0x00000000f4480000)
  to   space 29696K, 0% used [0x00000000f0980000,0x00000000f0980000,0x00000000f2680000)
 ParOldGen       total 137216K, used 66846K [0x00000000a0000000, 0x00000000a8600000, 0x00000000e0000000)
  object space 137216K, 48% used [0x00000000a0000000,0x00000000a4147920,0x00000000a8600000)
 Metaspace       used 94311K, capacity 98580K, committed 99840K, reserved 1134592K
  class space    used 12619K, capacity 13483K, committed 13824K, reserved 1048576K
Event: 329.478 GC heap after
Heap after GC invocations=27 (full 4):
 PSYoungGen      total 301568K, used 12946K [0x00000000e0000000, 0x00000000f6880000, 0x0000000100000000)
  eden space 271872K, 0% used [0x00000000e0000000,0x00000000e0000000,0x00000000f0980000)
  from space 29696K, 43% used [0x00000000f0980000,0x00000000f1624a30,0x00000000f2680000)
  to   space 26112K, 0% used [0x00000000f4f00000,0x00000000f4f00000,0x00000000f6880000)
 ParOldGen       total 137216K, used 66846K [0x00000000a0000000, 0x00000000a8600000, 0x00000000e0000000)
  object space 137216K, 48% used [0x00000000a0000000,0x00000000a4147920,0x00000000a8600000)
 Metaspace       used 94311K, capacity 98580K, committed 99840K, reserved 1134592K
  class space    used 12619K, capacity 13483K, committed 13824K, reserved 1048576K
}
Event: 332.279 GC heap before
{Heap before GC invocations=28 (full 4):
 PSYoungGen      total 301568K, used 284818K [0x00000000e0000000, 0x00000000f6880000, 0x0000000100000000)
  eden space 271872K, 100% used [0x00000000e0000000,0x00000000f0980000,0x00000000f0980000)
  from space 29696K, 43% used [0x00000000f0980000,0x00000000f1624a30,0x00000000f2680000)
  to   space 26112K, 0% used [0x00000000f4f00000,0x00000000f4f00000,0x00000000f6880000)
 ParOldGen       total 137216K, used 66846K [0x00000000a0000000, 0x00000000a8600000, 0x00000000e0000000)
  object space 137216K, 48% used [0x00000000a0000000,0x00000000a4147920,0x00000000a8600000)
 Metaspace       used 94527K, capacity 98816K, committed 100096K, reserved 1136640K
  class space    used 12628K, capacity 13515K, committed 13824K, reserved 1048576K
Event: 332.295 GC heap after
Heap after GC invocations=28 (full 4):
 PSYoungGen      total 334848K, used 4976K [0x00000000e0000000, 0x00000000f6500000, 0x0000000100000000)
  eden space 312320K, 0% used [0x00000000e0000000,0x00000000e0000000,0x00000000f3100000)
  from space 22528K, 22% used [0x00000000f4f00000,0x00000000f53dc070,0x00000000f6500000)
  to   space 26624K, 0% used [0x00000000f3100000,0x00000000f3100000,0x00000000f4b00000)
 ParOldGen       total 137216K, used 66846K [0x00000000a0000000, 0x00000000a8600000, 0x00000000e0000000)
  object space 137216K, 48% used [0x00000000a0000000,0x00000000a4147920,0x00000000a8600000)
 Metaspace       used 94527K, capacity 98816K, committed 100096K, reserved 1136640K
  class space    used 12628K, capacity 13515K, committed 13824K, reserved 1048576K
}

Deoptimization events (10 events):
Event: 324.986 Thread 0x000000001d878800 Uncommon trap: reason=unstable_if action=reinterpret pc=0x0000000004cee970 method=sun.nio.fs.WindowsPath.getParent()Lsun/nio/fs/WindowsPath; @ 37
Event: 325.640 Thread 0x00000000189b4000 Uncommon trap: reason=unstable_if action=reinterpret pc=0x0000000004e879a8 method=com.android.tools.r8.graph.d0.b(Lcom/android/tools/r8/graph/d0;)I @ 141
Event: 325.943 Thread 0x00000000189b8800 Uncommon trap: reason=unstable_if action=reinterpret pc=0x0000000005454a7c method=com.android.tools.r8.ir.regalloc.LinearScanRegisterAllocator.a(Lcom/android/tools/r8/ir/regalloc/LinearScanRegisterAllocator$a;Z)Lcom/android/tools/r8/ir/regalloc/LinearScan
Event: 327.745 Thread 0x00000000189b8800 Uncommon trap: reason=unstable_if action=reinterpret pc=0x0000000005a3111c method=com.android.tools.r8.u.b.g1.a(Lcom/android/tools/r8/graph/e;Lcom/android/tools/r8/u/b/T;Ljava/util/function/Predicate;Ljava/util/Set;)Z @ 144
Event: 327.955 Thread 0x00000000189b6000 Uncommon trap: reason=unstable_if action=reinterpret pc=0x00000000056b2ff4 method=com.android.tools.r8.ir.regalloc.a.compareTo(Ljava/lang/Object;)I @ 81
Event: 329.161 Thread 0x00000000189b6000 Uncommon trap: reason=class_check action=maybe_recompile pc=0x0000000005af6aac method=com.android.tools.r8.u.c.o.a(Lcom/android/tools/r8/u/c/M;IZ)V @ 526
Event: 329.379 Thread 0x00000000189b6000 Uncommon trap: reason=class_check action=maybe_recompile pc=0x0000000005af6aac method=com.android.tools.r8.u.c.o.a(Lcom/android/tools/r8/u/c/M;IZ)V @ 526
Event: 330.116 Thread 0x00000000189b6000 Uncommon trap: reason=unstable_if action=reinterpret pc=0x0000000004e9d9a0 method=com.android.tools.r8.dex.DexOutputBuffer.g(I)V @ 8
Event: 330.310 Thread 0x00000000189b8800 Uncommon trap: reason=unstable_if action=reinterpret pc=0x0000000005abd098 method=com.android.tools.r8.ir.regalloc.a.compareTo(Ljava/lang/Object;)I @ 52
Event: 332.504 Thread 0x00000000213ae000 Uncommon trap: reason=unstable_if action=reinterpret pc=0x0000000005b1f604 method=com.android.tools.r8.v.a.a.a.f.c0.get(I)Ljava/lang/Object; @ 8

Internal exceptions (10 events):
Event: 323.322 Thread 0x00000000189b7800 Exception <a 'sun/nio/fs/WindowsException'> (0x00000000e98a5f90) thrown at [C:\re\workspace\8-2-build-windows-amd64-cygwin\jdk8u131\8869\hotspot\src\share\vm\prims\jni.cpp, line 709]
Event: 323.469 Thread 0x00000000189b8800 Exception <a 'sun/nio/fs/WindowsException'> (0x00000000eb9a7cc8) thrown at [C:\re\workspace\8-2-build-windows-amd64-cygwin\jdk8u131\8869\hotspot\src\share\vm\prims\jni.cpp, line 709]
Event: 323.549 Thread 0x0000000020163800 Exception <a 'java/lang/NoSuchMethodError': <clinit>> (0x00000000ece37ce8) thrown at [C:\re\workspace\8-2-build-windows-amd64-cygwin\jdk8u131\8869\hotspot\src\share\vm\prims\jni.cpp, line 1613]
Event: 324.080 Thread 0x00000000189c0000 Exception <a 'sun/nio/fs/WindowsException'> (0x00000000e1d493b0) thrown at [C:\re\workspace\8-2-build-windows-amd64-cygwin\jdk8u131\8869\hotspot\src\share\vm\prims\jni.cpp, line 709]
Event: 324.369 Thread 0x00000000213a1000 Implicit null exception at 0x0000000002bb03ef to 0x0000000002bb04e1
Event: 324.962 Thread 0x00000000213ab800 Exception <a 'sun/nio/fs/WindowsException'> (0x00000000e86013c8) thrown at [C:\re\workspace\8-2-build-windows-amd64-cygwin\jdk8u131\8869\hotspot\src\share\vm\prims\jni.cpp, line 709]
Event: 325.821 Thread 0x00000000189b4000 Exception <a 'sun/nio/fs/WindowsException'> (0x00000000e0753240) thrown at [C:\re\workspace\8-2-build-windows-amd64-cygwin\jdk8u131\8869\hotspot\src\share\vm\prims\jni.cpp, line 709]
Event: 330.207 Thread 0x00000000189b6000 Exception <a 'sun/nio/fs/WindowsException'> (0x00000000e7076930) thrown at [C:\re\workspace\8-2-build-windows-amd64-cygwin\jdk8u131\8869\hotspot\src\share\vm\prims\jni.cpp, line 709]
Event: 332.236 Thread 0x00000000189b8800 Exception <a 'sun/nio/fs/WindowsException'> (0x00000000f074e5d0) thrown at [C:\re\workspace\8-2-build-windows-amd64-cygwin\jdk8u131\8869\hotspot\src\share\vm\prims\jni.cpp, line 709]
Event: 332.382 Thread 0x00000000213a2800 Exception <a 'sun/nio/fs/WindowsException'> (0x00000000e02dea40) thrown at [C:\re\workspace\8-2-build-windows-amd64-cygwin\jdk8u131\8869\hotspot\src\share\vm\prims\jni.cpp, line 709]

Events (10 events):
Event: 332.550 Thread 0x00000000213aa000 DEOPT PACKING pc=0x0000000004af24e6 sp=0x000000002cf9e960
Event: 332.550 Thread 0x00000000213aa000 DEOPT UNPACKING pc=0x0000000002a2787f sp=0x000000002cf9e7e0 mode 0
Event: 332.562 Thread 0x00000000213aa000 DEOPT PACKING pc=0x0000000004af24e6 sp=0x000000002cf9e960
Event: 332.562 Thread 0x00000000213aa000 DEOPT UNPACKING pc=0x0000000002a2787f sp=0x000000002cf9e7e0 mode 0
Event: 332.570 Thread 0x00000000213a9800 DEOPT PACKING pc=0x0000000004af24e6 sp=0x000000002ce9ec90
Event: 332.570 Thread 0x00000000213a9800 DEOPT UNPACKING pc=0x0000000002a2787f sp=0x000000002ce9eb10 mode 0
Event: 332.578 Thread 0x00000000213aa000 DEOPT PACKING pc=0x0000000004af24e6 sp=0x000000002cf9e950
Event: 332.578 Thread 0x00000000213aa000 DEOPT UNPACKING pc=0x0000000002a2787f sp=0x000000002cf9e7d0 mode 0
Event: 332.676 Executing VM operation: RevokeBias
Event: 332.676 Executing VM operation: RevokeBias done


Dynamic libraries:
0x00007ff771b10000 - 0x00007ff771b47000 	D:\Program Files\Java\jdk1.8.0_131\bin\java.exe
0x00007ffe412c0000 - 0x00007ffe414b0000 	C:\WINDOWS\SYSTEM32\ntdll.dll
0x00007ffe3f750000 - 0x00007ffe3f802000 	C:\WINDOWS\System32\KERNEL32.DLL
0x00007ffe3eb70000 - 0x00007ffe3ee13000 	C:\WINDOWS\System32\KERNELBASE.dll
0x00007ffe3fc30000 - 0x00007ffe3fcd3000 	C:\WINDOWS\System32\ADVAPI32.dll
0x00007ffe41110000 - 0x00007ffe411ae000 	C:\WINDOWS\System32\msvcrt.dll
0x00007ffe40ae0000 - 0x00007ffe40b77000 	C:\WINDOWS\System32\sechost.dll
0x00007ffe3faa0000 - 0x00007ffe3fbc0000 	C:\WINDOWS\System32\RPCRT4.dll
0x00007ffe3f380000 - 0x00007ffe3f514000 	C:\WINDOWS\System32\USER32.dll
0x00007ffe3f240000 - 0x00007ffe3f261000 	C:\WINDOWS\System32\win32u.dll
0x00007ffe3f930000 - 0x00007ffe3f956000 	C:\WINDOWS\System32\GDI32.dll
0x00007ffe3eea0000 - 0x00007ffe3f034000 	C:\WINDOWS\System32\gdi32full.dll
0x00007ffe3e350000 - 0x00007ffe3e3ee000 	C:\WINDOWS\System32\msvcp_win.dll
0x00007ffe3f270000 - 0x00007ffe3f36a000 	C:\WINDOWS\System32\ucrtbase.dll
0x00007ffe3d690000 - 0x00007ffe3d915000 	C:\WINDOWS\WinSxS\amd64_microsoft.windows.common-controls_6595b64144ccf1df_6.0.18362.720_none_e6beb5c51314836b\COMCTL32.dll
0x00007ffe3fd60000 - 0x00007ffe40096000 	C:\WINDOWS\System32\combase.dll
0x00007ffe3ee20000 - 0x00007ffe3eea0000 	C:\WINDOWS\System32\bcryptPrimitives.dll
0x00007ffe40ab0000 - 0x00007ffe40ade000 	C:\WINDOWS\System32\IMM32.DLL
0x00000000543c0000 - 0x0000000054492000 	D:\Program Files\Java\jdk1.8.0_131\jre\bin\msvcr100.dll
0x0000000052cc0000 - 0x000000005355c000 	D:\Program Files\Java\jdk1.8.0_131\jre\bin\server\jvm.dll
0x00007ffe3f370000 - 0x00007ffe3f378000 	C:\WINDOWS\System32\PSAPI.DLL
0x00007ffe24d70000 - 0x00007ffe24d79000 	C:\WINDOWS\SYSTEM32\WSOCK32.dll
0x00007ffe36e40000 - 0x00007ffe36e64000 	C:\WINDOWS\SYSTEM32\WINMM.dll
0x00007ffe2bdb0000 - 0x00007ffe2bdba000 	C:\WINDOWS\SYSTEM32\VERSION.dll
0x00007ffe3fbc0000 - 0x00007ffe3fc2f000 	C:\WINDOWS\System32\WS2_32.dll
0x00007ffe36e10000 - 0x00007ffe36e3d000 	C:\WINDOWS\SYSTEM32\WINMMBASE.dll
0x00007ffe3e270000 - 0x00007ffe3e2ba000 	C:\WINDOWS\System32\cfgmgr32.dll
0x0000000054bc0000 - 0x0000000054bcf000 	D:\Program Files\Java\jdk1.8.0_131\jre\bin\verify.dll
0x0000000054390000 - 0x00000000543b9000 	D:\Program Files\Java\jdk1.8.0_131\jre\bin\java.dll
0x0000000054370000 - 0x0000000054386000 	D:\Program Files\Java\jdk1.8.0_131\jre\bin\zip.dll
0x00007ffe400a0000 - 0x00007ffe40785000 	C:\WINDOWS\System32\SHELL32.dll
0x00007ffe41060000 - 0x00007ffe41109000 	C:\WINDOWS\System32\shcore.dll
0x00007ffe3e3f0000 - 0x00007ffe3eb70000 	C:\WINDOWS\System32\windows.storage.dll
0x00007ffe3e200000 - 0x00007ffe3e223000 	C:\WINDOWS\System32\profapi.dll
0x00007ffe3e190000 - 0x00007ffe3e1da000 	C:\WINDOWS\System32\powrprof.dll
0x00007ffe3e180000 - 0x00007ffe3e190000 	C:\WINDOWS\System32\UMPDC.dll
0x00007ffe3f810000 - 0x00007ffe3f862000 	C:\WINDOWS\System32\shlwapi.dll
0x00007ffe3e230000 - 0x00007ffe3e241000 	C:\WINDOWS\System32\kernel.appcore.dll
0x00007ffe3e250000 - 0x00007ffe3e267000 	C:\WINDOWS\System32\cryptsp.dll
0x0000000054350000 - 0x000000005436a000 	D:\Program Files\Java\jdk1.8.0_131\jre\bin\net.dll
0x00007ffe3d370000 - 0x00007ffe3d3d7000 	C:\WINDOWS\system32\mswsock.dll
0x0000000054330000 - 0x0000000054341000 	D:\Program Files\Java\jdk1.8.0_131\jre\bin\nio.dll
0x00007ffe31f90000 - 0x00007ffe31fb6000 	C:\Users\18432\.gradle\native\30\windows-amd64\native-platform.dll
0x0000000054320000 - 0x000000005432d000 	D:\Program Files\Java\jdk1.8.0_131\jre\bin\management.dll
0x00007ffe3cee0000 - 0x00007ffe3cf13000 	C:\WINDOWS\system32\rsaenh.dll
0x00007ffe3e320000 - 0x00007ffe3e346000 	C:\WINDOWS\System32\bcrypt.dll
0x00007ffe3e070000 - 0x00007ffe3e095000 	C:\WINDOWS\SYSTEM32\USERENV.dll
0x00007ffe3d540000 - 0x00007ffe3d54c000 	C:\WINDOWS\SYSTEM32\CRYPTBASE.dll
0x00007ffe3d080000 - 0x00007ffe3d0ba000 	C:\WINDOWS\SYSTEM32\IPHLPAPI.DLL
0x00007ffe3f920000 - 0x00007ffe3f928000 	C:\WINDOWS\System32\NSI.dll
0x00007ffe2bf40000 - 0x00007ffe2bf56000 	C:\WINDOWS\SYSTEM32\dhcpcsvc6.DLL
0x00007ffe2c010000 - 0x00007ffe2c02c000 	C:\WINDOWS\SYSTEM32\dhcpcsvc.DLL
0x00007ffe3d0c0000 - 0x00007ffe3d18a000 	C:\WINDOWS\SYSTEM32\DNSAPI.dll

VM Arguments:
jvm_args: -Xmx1536m -Dfile.encoding=GBK -Duser.country=CN -Duser.language=zh -Duser.variant 
java_command: org.gradle.launcher.daemon.bootstrap.GradleDaemon 5.6.4
java_class_path (initial): C:\Users\18432\.gradle\wrapper\dists\gradle-5.6.4-all\ankdp27end7byghfw1q2sw75f\gradle-5.6.4\lib\gradle-launcher-5.6.4.jar
Launcher Type: SUN_STANDARD

Environment Variables:
JAVA_HOME=D:\Program Files\Java\jdk1.8.0_131
CLASSPATH=.;D:\Program Files\Java\jdk1.8.0_131\lib\dt.jar;D:\Program Files\Java\jdk1.8.0_131\lib\tools.jar
PATH=C:\ProgramData\Oracle\Java\javapath;F:\app\18432\product\11.2.0\dbhome_1\bin;C:\Program Files (x86)\Intel\iCLS Client\;C:\Program Files\Intel\iCLS Client\;C:\windows\system32;C:\windows;C:\windows\System32\Wbem;C:\windows\System32\WindowsPowerShell\v1.0\;C:\Program Files (x86)\NVIDIA Corporation\PhysX\Common;C:\Program Files (x86)\Intel\Intel(R) Management Engine Components\DAL;C:\Program Files\Intel\Intel(R) Management Engine Components\DAL;C:\Program Files (x86)\Intel\Intel(R) Management Engine Components\IPT;C:\Program Files\Intel\Intel(R) Management Engine Components\IPT;C:\WINDOWS\system32;C:\WINDOWS;C:\WINDOWS\System32\Wbem;C:\WINDOWS\System32\WindowsPowerShell\v1.0\;C:\Program Files (x86)\Windows Kits\8.1\Windows Performance Toolkit\;C:\Program Files\Microsoft SQL Server\110\Tools\Binn\;C:\Program Files (x86)\Microsoft SQL Server\100\Tools\Binn\;C:\Program Files\Microsoft SQL Server\100\Tools\Binn\;C:\Program Files\Microsoft SQL Server\100\DTS\Binn\;C:\Program Files (x86)\Microsoft SQL Server\100\Tools\Binn\VSShell\Common7\IDE\;C:\Program Files (x86)\Microsoft Visual Studio 9.0\Common7\IDE\PrivateAssemblies\;C:\Program Files (x86)\Microsoft SQL Server\100\DTS\Binn\;C:\Program Files\VisualSVN Server\bin;C:\Program Files\TortoiseSVN\bin;C:\Program Files\Intel\WiFi\bin\;C:\Program Files\Common Files\Intel\WirelessCommon\;C:\WINDOWS\System32\OpenSSH\;D:\Program Files\Java\jdk1.8.0_131\bin;D:\Program Files\Java\jdk1.8.0_131\jre\bin;D:\GitHub\Git\cmd;D:\Python\Scripts\;D:\Python\;C:\Users\18432\AppData\Local\Microsoft\WindowsApps;
USERNAME=18432
OS=Windows_NT
PROCESSOR_IDENTIFIER=Intel64 Family 6 Model 142 Stepping 10, GenuineIntel



---------------  S Y S T E M  ---------------

OS: Windows 10.0 , 64 bit Build 18362 (10.0.18362.329)

CPU:total 8 (initial active 8) (4 cores per cpu, 2 threads per core) family 6 model 142 stepping 10, cmov, cx8, fxsr, mmx, sse, sse2, sse3, ssse3, sse4.1, sse4.2, popcnt, avx, avx2, aes, clmul, erms, 3dnowpref, lzcnt, ht, tsc, tscinvbit, bmi1, bmi2, adx

Memory: 4k page, physical 8281304k(614460k free), swap 12475608k(4172k free)

vm_info: Java HotSpot(TM) 64-Bit Server VM (25.131-b11) for windows-amd64 JRE (1.8.0_131-b11), built on Mar 15 2017 01:23:53 by "java_re" with MS VC++ 10.0 (VS2010)

time: Mon Apr 13 22:33:42 2020
elapsed time: 332 seconds (0d 0h 5m 32s)

