#
# There is insufficient memory for the Java Runtime Environment to continue.
# Native memory allocation (malloc) failed to allocate 1149248 bytes for Chunk::new
# Possible reasons:
#   The system is out of physical RAM or swap space
#   In 32 bit mode, the process size limit was hit
# Possible solutions:
#   Reduce memory load on the system
#   Increase physical memory or swap space
#   Check if swap backing store is full
#   Use 64 bit Java on a 64 bit OS
#   Decrease Java heap size (-Xmx/-Xms)
#   Decrease number of Java threads
#   Decrease Java thread stack sizes (-Xss)
#   Set larger code cache with -XX:ReservedCodeCacheSize=
# This output file may be truncated or incomplete.
#
#  Out of Memory Error (allocation.cpp:390), pid=22132, tid=0x0000000000000ad4
#
# JRE version: Java(TM) SE Runtime Environment (8.0_131-b11) (build 1.8.0_131-b11)
# Java VM: Java HotSpot(TM) 64-Bit Server VM (25.131-b11 mixed mode windows-amd64 compressed oops)
# Failed to write core dump. Minidumps are not enabled by default on client versions of Windows
#

---------------  T H R E A D  ---------------

Current thread (0x0000000018bb1800):  JavaThread "C2 CompilerThread0" daemon [_thread_in_native, id=2772, stack(0x0000000019290000,0x0000000019390000)]

Stack: [0x0000000019290000,0x0000000019390000]
[error occurred during error reporting (printing stack bounds), id 0xc0000005]

Native frames: (J=compiled Java code, j=interpreted, Vv=VM code, C=native code)


Current CompileTask:
C2:  31785 7518 %     4       com.android.tools.r8.dex.j::a @ 330 (1022 bytes)


---------------  P R O C E S S  ---------------

Java Threads: ( => current thread )
  0x000000001b7eb000 JavaThread "WorkerExecutor Queue Thread 5" [_thread_blocked, id=4852, stack(0x0000000026b50000,0x0000000026c50000)]
  0x000000001b7ec800 JavaThread "WorkerExecutor Queue Thread 4" [_thread_blocked, id=25720, stack(0x0000000026850000,0x0000000026950000)]
  0x000000001b7f1000 JavaThread "WorkerExecutor Queue Thread 3" [_thread_blocked, id=26040, stack(0x0000000026750000,0x0000000026850000)]
  0x000000001b7ee000 JavaThread "WorkerExecutor Queue Thread 2" [_thread_blocked, id=20792, stack(0x0000000026540000,0x0000000026640000)]
  0x000000001b7f0800 JavaThread "WorkerExecutor Queue" [_thread_blocked, id=15848, stack(0x0000000026650000,0x0000000026750000)]
  0x000000001f005000 JavaThread "Cache worker for execution history cache (D:\Broadcast\.gradle\5.6.4\executionHistory)" [_thread_blocked, id=11924, stack(0x0000000026340000,0x0000000026440000)]
  0x000000001f004800 JavaThread "Execution worker for ':' Thread 7" [_thread_blocked, id=5112, stack(0x0000000026040000,0x0000000026140000)]
  0x000000001f003800 JavaThread "Execution worker for ':' Thread 6" [_thread_blocked, id=12496, stack(0x0000000025f40000,0x0000000026040000)]
  0x000000001f00a800 JavaThread "Execution worker for ':' Thread 5" [_thread_in_Java, id=22996, stack(0x0000000025e40000,0x0000000025f40000)]
  0x000000001f006800 JavaThread "Execution worker for ':' Thread 4" [_thread_blocked, id=28512, stack(0x0000000025d40000,0x0000000025e40000)]
  0x000000001f007800 JavaThread "Execution worker for ':' Thread 3" [_thread_blocked, id=888, stack(0x0000000024bd0000,0x0000000024cd0000)]
  0x000000001f008800 JavaThread "Execution worker for ':' Thread 2" [_thread_blocked, id=21440, stack(0x0000000024ad0000,0x0000000024bd0000)]
  0x000000001f00a000 JavaThread "Execution worker for ':'" [_thread_blocked, id=16508, stack(0x0000000024740000,0x0000000024840000)]
  0x000000001f009000 JavaThread "Cache worker for file content cache (D:\Broadcast\.gradle\5.6.4\fileContent)" [_thread_blocked, id=14012, stack(0x0000000024240000,0x0000000024340000)]
  0x000000001effc000 JavaThread "Cache worker for file content cache (C:\Users\18432\.gradle\caches\5.6.4\fileContent)" [_thread_blocked, id=3724, stack(0x0000000024140000,0x0000000024240000)]
  0x000000001f003000 JavaThread "Memory manager" [_thread_blocked, id=8820, stack(0x0000000024040000,0x0000000024140000)]
  0x000000001f001800 JavaThread "Cache worker for Build Output Cleanup Cache (D:\Broadcast\.gradle\buildOutputCleanup)" [_thread_blocked, id=10268, stack(0x0000000023740000,0x0000000023840000)]
  0x000000001effb800 JavaThread "Build operations Thread 8" [_thread_blocked, id=22108, stack(0x0000000023040000,0x0000000023140000)]
  0x000000001f000800 JavaThread "Build operations Thread 7" [_thread_blocked, id=9040, stack(0x0000000022f40000,0x0000000023040000)]
  0x000000001effd000 JavaThread "Build operations Thread 6" [_thread_blocked, id=12256, stack(0x0000000022e40000,0x0000000022f40000)]
  0x000000001effe800 JavaThread "Build operations Thread 5" [_thread_blocked, id=31424, stack(0x0000000022d40000,0x0000000022e40000)]
  0x000000001f000000 JavaThread "Build operations Thread 4" [_thread_blocked, id=28816, stack(0x0000000022c40000,0x0000000022d40000)]
  0x000000001effd800 JavaThread "Build operations Thread 3" [_thread_blocked, id=18184, stack(0x0000000022b40000,0x0000000022c40000)]
  0x000000001efff000 JavaThread "Build operations Thread 2" [_thread_blocked, id=26112, stack(0x0000000022a40000,0x0000000022b40000)]
  0x000000001a696800 JavaThread "Build operations" [_thread_blocked, id=18956, stack(0x00000000211c0000,0x00000000212c0000)]
  0x000000001a697800 JavaThread "Cache worker for execution history cache (C:\Users\18432\.gradle\caches\5.6.4\executionHistory)" [_thread_blocked, id=17320, stack(0x0000000022530000,0x0000000022630000)]
  0x000000001a696000 JavaThread "Cache worker for cache directory md-rule (C:\Users\18432\.gradle\caches\5.6.4\md-rule)" [_thread_blocked, id=16360, stack(0x00000000210c0000,0x00000000211c0000)]
  0x000000001a69c800 JavaThread "Cache worker for cache directory md-supplier (C:\Users\18432\.gradle\caches\5.6.4\md-supplier)" [_thread_blocked, id=31048, stack(0x0000000020fc0000,0x00000000210c0000)]
  0x000000001a698000 JavaThread "Cache worker for file hash cache (D:\Broadcast\.gradle\5.6.4\fileHashes)" [_thread_blocked, id=22492, stack(0x000000001f6a0000,0x000000001f7a0000)]
  0x000000001a69a800 JavaThread "Cache worker for journal cache (C:\Users\18432\.gradle\caches\journal-1)" [_thread_blocked, id=3844, stack(0x000000001d400000,0x000000001d500000)]
  0x000000001a699800 JavaThread "File lock request listener" [_thread_in_native, id=10940, stack(0x000000001d300000,0x000000001d400000)]
  0x000000001a699000 JavaThread "Cache worker for file hash cache (C:\Users\18432\.gradle\caches\5.6.4\fileHashes)" [_thread_blocked, id=11544, stack(0x000000001d200000,0x000000001d300000)]
  0x000000001a153800 JavaThread "Thread-9" [_thread_blocked, id=8836, stack(0x000000001cf00000,0x000000001d000000)]
  0x0000000018c7a800 JavaThread "Stdin handler" [_thread_blocked, id=22460, stack(0x000000001ce00000,0x000000001cf00000)]
  0x000000001a153000 JavaThread "Asynchronous log dispatcher for DefaultDaemonConnection: socket connection from /127.0.0.1:20686 to /127.0.0.1:20687" [_thread_blocked, id=24936, stack(0x000000001cc00000,0x000000001cd00000)]
  0x0000000019fc6000 JavaThread "Daemon worker" [_thread_blocked, id=23596, stack(0x000000001cb00000,0x000000001cc00000)]
  0x0000000019fc5000 JavaThread "Cancel handler" [_thread_blocked, id=26068, stack(0x000000001ca00000,0x000000001cb00000)]
  0x0000000018c83800 JavaThread "Handler for socket connection from /127.0.0.1:20686 to /127.0.0.1:20687" [_thread_in_native, id=21832, stack(0x000000001c700000,0x000000001c800000)]
  0x0000000018c80800 JavaThread "Daemon" [_thread_blocked, id=20212, stack(0x000000001c600000,0x000000001c700000)]
  0x000000001a07b800 JavaThread "Daemon periodic checks" [_thread_blocked, id=10080, stack(0x000000001c500000,0x000000001c600000)]
  0x0000000019dbd800 JavaThread "Incoming local TCP Connector on port 20686" [_thread_in_native, id=8216, stack(0x000000001c350000,0x000000001c450000)]
  0x0000000019916800 JavaThread "Daemon health stats" [_thread_blocked, id=16556, stack(0x000000001c030000,0x000000001c130000)]
  0x0000000018c37000 JavaThread "Service Thread" daemon [_thread_blocked, id=26852, stack(0x0000000019690000,0x0000000019790000)]
  0x0000000018c15000 JavaThread "C1 CompilerThread3" daemon [_thread_in_native, id=19340, stack(0x0000000019590000,0x0000000019690000)]
  0x0000000018bb8800 JavaThread "C2 CompilerThread2" daemon [_thread_blocked, id=15500, stack(0x0000000019490000,0x0000000019590000)]
  0x0000000018bb4800 JavaThread "C2 CompilerThread1" daemon [_thread_in_native, id=5520, stack(0x0000000019390000,0x0000000019490000)]
=>0x0000000018bb1800 JavaThread "C2 CompilerThread0" daemon [_thread_in_native, id=2772, stack(0x0000000019290000,0x0000000019390000)]
  0x0000000018bac000 JavaThread "Attach Listener" daemon [_thread_blocked, id=22392, stack(0x0000000019190000,0x0000000019290000)]
  0x0000000018b59800 JavaThread "Signal Dispatcher" daemon [_thread_blocked, id=19732, stack(0x0000000019090000,0x0000000019190000)]
  0x0000000002e59000 JavaThread "Finalizer" daemon [_thread_blocked, id=11056, stack(0x0000000018f20000,0x0000000019020000)]
  0x0000000002e57800 JavaThread "Reference Handler" daemon [_thread_blocked, id=20216, stack(0x0000000018a20000,0x0000000018b20000)]
  0x00000000028ce000 JavaThread "main" [_thread_blocked, id=2592, stack(0x0000000002910000,0x0000000002a10000)]

Other Threads:
  0x0000000016c49800 VMThread [stack: 0x0000000018920000,0x0000000018a20000] [id=25000]
  0x0000000018ca5000 WatcherThread [stack: 0x0000000019790000,0x0000000019890000] [id=17772]

VM state:not at safepoint (normal execution)

VM Mutex/Monitor currently owned by a thread: None

Heap:
 PSYoungGen      total 209920K, used 139604K [0x00000000e0000000, 0x00000000eea00000, 0x0000000100000000)
  eden space 189952K, 62% used [0x00000000e0000000,0x00000000e74d5b98,0x00000000eb980000)
  from space 19968K, 99% used [0x00000000ed680000,0x00000000ee9ff7e8,0x00000000eea00000)
  to   space 23552K, 0% used [0x00000000ebc00000,0x00000000ebc00000,0x00000000ed300000)
 ParOldGen       total 131584K, used 40225K [0x00000000a0000000, 0x00000000a8080000, 0x00000000e0000000)
  object space 131584K, 30% used [0x00000000a0000000,0x00000000a2748550,0x00000000a8080000)
 Metaspace       used 68153K, capacity 71126K, committed 71296K, reserved 1110016K
  class space    used 9705K, capacity 10277K, committed 10368K, reserved 1048576K

Card table byte_map: [0x0000000012230000,0x0000000012540000] byte_map_base: 0x0000000011d30000

Marking Bits: (ParMarkBitMap*) 0x00000000534dc720
 Begin Bits: [0x0000000012f40000, 0x0000000014740000)
 End Bits:   [0x0000000014740000, 0x0000000015f40000)

Polling page: 0x00000000028a0000

CodeCache: size=245760Kb used=25260Kb max_used=25260Kb free=220499Kb
 bounds [0x0000000002e70000, 0x0000000004740000, 0x0000000011e70000]
 total_blobs=8734 nmethods=7929 adapters=716
 compilation: enabled

Compilation events (10 events):
Event: 31.780 Thread 0x0000000018c15000 8956       3       kotlin.reflect.jvm.internal.impl.protobuf.SmallSortedMap::binarySearchInArray (133 bytes)
Event: 31.781 Thread 0x0000000018bb8800 nmethod 8953 0x000000000464f850 code [0x000000000464f980, 0x000000000464f9f8]
Event: 31.781 Thread 0x0000000018c15000 nmethod 8956 0x000000000472c7d0 code [0x000000000472c9c0, 0x000000000472d3c8]
Event: 31.781 Thread 0x0000000018c15000 8957       1       kotlin.reflect.jvm.internal.impl.serialization.deserialization.descriptors.DeserializedClassDescriptor::getSource (5 bytes)
Event: 31.781 Thread 0x0000000018c15000 nmethod 8957 0x000000000472c510 code [0x000000000472c660, 0x000000000472c770]
Event: 31.781 Thread 0x0000000018c15000 8958       1       kotlin.reflect.jvm.internal.impl.load.kotlin.KotlinJvmBinarySourceElement::getBinaryClass (5 bytes)
Event: 31.781 Thread 0x0000000018c15000 nmethod 8958 0x000000000472c250 code [0x000000000472c3a0, 0x000000000472c4b0]
Event: 31.781 Thread 0x0000000018c15000 8959       1       kotlin.reflect.jvm.internal.components.ReflectKotlinClass::getKlass (5 bytes)
Event: 31.781 Thread 0x0000000018c15000 nmethod 8959 0x000000000472bf90 code [0x000000000472c0e0, 0x000000000472c1f0]
Event: 31.781 Thread 0x0000000018c15000 8960   !   3       kotlin.reflect.jvm.internal.impl.storage.LockBasedStorageManager$MapBasedMemoizedFunction::invoke (281 bytes)

GC Heap History (10 events):
Event: 18.027 GC heap before
{Heap before GC invocations=11 (full 2):
 PSYoungGen      total 127488K, used 10112K [0x00000000e0000000, 0x00000000ebb80000, 0x0000000100000000)
  eden space 115712K, 0% used [0x00000000e0000000,0x00000000e0000000,0x00000000e7100000)
  from space 11776K, 85% used [0x00000000e7100000,0x00000000e7ae0348,0x00000000e7c80000)
  to   space 12288K, 0% used [0x00000000eaf80000,0x00000000eaf80000,0x00000000ebb80000)
 ParOldGen       total 55296K, used 9213K [0x00000000a0000000, 0x00000000a3600000, 0x00000000e0000000)
  object space 55296K, 16% used [0x00000000a0000000,0x00000000a08ff4b0,0x00000000a3600000)
 Metaspace       used 34546K, capacity 35356K, committed 35416K, reserved 1079296K
  class space    used 4848K, capacity 5061K, committed 5120K, reserved 1048576K
Event: 18.096 GC heap after
Heap after GC invocations=11 (full 2):
 PSYoungGen      total 127488K, used 0K [0x00000000e0000000, 0x00000000ebb80000, 0x0000000100000000)
  eden space 115712K, 0% used [0x00000000e0000000,0x00000000e0000000,0x00000000e7100000)
  from space 11776K, 0% used [0x00000000e7100000,0x00000000e7100000,0x00000000e7c80000)
  to   space 12288K, 0% used [0x00000000eaf80000,0x00000000eaf80000,0x00000000ebb80000)
 ParOldGen       total 82432K, used 17027K [0x00000000a0000000, 0x00000000a5080000, 0x00000000e0000000)
  object space 82432K, 20% used [0x00000000a0000000,0x00000000a10a0de0,0x00000000a5080000)
 Metaspace       used 34524K, capacity 35284K, committed 35416K, reserved 1079296K
  class space    used 4842K, capacity 5049K, committed 5120K, reserved 1048576K
}
Event: 21.028 GC heap before
{Heap before GC invocations=12 (full 2):
 PSYoungGen      total 127488K, used 115712K [0x00000000e0000000, 0x00000000ebb80000, 0x0000000100000000)
  eden space 115712K, 100% used [0x00000000e0000000,0x00000000e7100000,0x00000000e7100000)
  from space 11776K, 0% used [0x00000000e7100000,0x00000000e7100000,0x00000000e7c80000)
  to   space 12288K, 0% used [0x00000000eaf80000,0x00000000eaf80000,0x00000000ebb80000)
 ParOldGen       total 82432K, used 17027K [0x00000000a0000000, 0x00000000a5080000, 0x00000000e0000000)
  object space 82432K, 20% used [0x00000000a0000000,0x00000000a10a0de0,0x00000000a5080000)
 Metaspace       used 47163K, capacity 48380K, committed 48512K, reserved 1091584K
  class space    used 6425K, capacity 6690K, committed 6784K, reserved 1048576K
Event: 21.052 GC heap after
Heap after GC invocations=12 (full 2):
 PSYoungGen      total 164352K, used 12283K [0x00000000e0000000, 0x00000000ebb80000, 0x0000000100000000)
  eden space 152064K, 0% used [0x00000000e0000000,0x00000000e0000000,0x00000000e9480000)
  from space 12288K, 99% used [0x00000000eaf80000,0x00000000ebb7eca8,0x00000000ebb80000)
  to   space 14848K, 0% used [0x00000000e9e80000,0x00000000e9e80000,0x00000000ead00000)
 ParOldGen       total 82432K, used 20296K [0x00000000a0000000, 0x00000000a5080000, 0x00000000e0000000)
  object space 82432K, 24% used [0x00000000a0000000,0x00000000a13d2190,0x00000000a5080000)
 Metaspace       used 47163K, capacity 48380K, committed 48512K, reserved 1091584K
  class space    used 6425K, capacity 6690K, committed 6784K, reserved 1048576K
}
Event: 24.383 GC heap before
{Heap before GC invocations=13 (full 2):
 PSYoungGen      total 164352K, used 155067K [0x00000000e0000000, 0x00000000ebb80000, 0x0000000100000000)
  eden space 152064K, 93% used [0x00000000e0000000,0x00000000e8b702c0,0x00000000e9480000)
  from space 12288K, 99% used [0x00000000eaf80000,0x00000000ebb7eca8,0x00000000ebb80000)
  to   space 14848K, 0% used [0x00000000e9e80000,0x00000000e9e80000,0x00000000ead00000)
 ParOldGen       total 82432K, used 20296K [0x00000000a0000000, 0x00000000a5080000, 0x00000000e0000000)
  object space 82432K, 24% used [0x00000000a0000000,0x00000000a13d2190,0x00000000a5080000)
 Metaspace       used 56976K, capacity 58948K, committed 59028K, reserved 1099776K
  class space    used 8053K, capacity 8496K, committed 8576K, reserved 1048576K
Event: 24.415 GC heap after
Heap after GC invocations=13 (full 2):
 PSYoungGen      total 177152K, used 14829K [0x00000000e0000000, 0x00000000eea00000, 0x0000000100000000)
  eden space 162304K, 0% used [0x00000000e0000000,0x00000000e0000000,0x00000000e9e80000)
  from space 14848K, 99% used [0x00000000e9e80000,0x00000000eacfb6b0,0x00000000ead00000)
  to   space 19968K, 0% used [0x00000000ed680000,0x00000000ed680000,0x00000000eea00000)
 ParOldGen       total 82432K, used 28573K [0x00000000a0000000, 0x00000000a5080000, 0x00000000e0000000)
  object space 82432K, 34% used [0x00000000a0000000,0x00000000a1be7430,0x00000000a5080000)
 Metaspace       used 56976K, capacity 58948K, committed 59028K, reserved 1099776K
  class space    used 8053K, capacity 8496K, committed 8576K, reserved 1048576K
}
Event: 24.415 GC heap before
{Heap before GC invocations=14 (full 3):
 PSYoungGen      total 177152K, used 14829K [0x00000000e0000000, 0x00000000eea00000, 0x0000000100000000)
  eden space 162304K, 0% used [0x00000000e0000000,0x00000000e0000000,0x00000000e9e80000)
  from space 14848K, 99% used [0x00000000e9e80000,0x00000000eacfb6b0,0x00000000ead00000)
  to   space 19968K, 0% used [0x00000000ed680000,0x00000000ed680000,0x00000000eea00000)
 ParOldGen       total 82432K, used 28573K [0x00000000a0000000, 0x00000000a5080000, 0x00000000e0000000)
  object space 82432K, 34% used [0x00000000a0000000,0x00000000a1be7430,0x00000000a5080000)
 Metaspace       used 56976K, capacity 58948K, committed 59028K, reserved 1099776K
  class space    used 8053K, capacity 8496K, committed 8576K, reserved 1048576K
Event: 24.784 GC heap after
Heap after GC invocations=14 (full 3):
 PSYoungGen      total 177152K, used 0K [0x00000000e0000000, 0x00000000eea00000, 0x0000000100000000)
  eden space 162304K, 0% used [0x00000000e0000000,0x00000000e0000000,0x00000000e9e80000)
  from space 14848K, 0% used [0x00000000e9e80000,0x00000000e9e80000,0x00000000ead00000)
  to   space 19968K, 0% used [0x00000000ed680000,0x00000000ed680000,0x00000000eea00000)
 ParOldGen       total 131584K, used 37059K [0x00000000a0000000, 0x00000000a8080000, 0x00000000e0000000)
  object space 131584K, 28% used [0x00000000a0000000,0x00000000a2430dd8,0x00000000a8080000)
 Metaspace       used 56921K, capacity 58790K, committed 59028K, reserved 1099776K
  class space    used 8035K, capacity 8465K, committed 8576K, reserved 1048576K
}
Event: 27.994 GC heap before
{Heap before GC invocations=15 (full 3):
 PSYoungGen      total 177152K, used 162304K [0x00000000e0000000, 0x00000000eea00000, 0x0000000100000000)
  eden space 162304K, 100% used [0x00000000e0000000,0x00000000e9e80000,0x00000000e9e80000)
  from space 14848K, 0% used [0x00000000e9e80000,0x00000000e9e80000,0x00000000ead00000)
  to   space 19968K, 0% used [0x00000000ed680000,0x00000000ed680000,0x00000000eea00000)
 ParOldGen       total 131584K, used 37059K [0x00000000a0000000, 0x00000000a8080000, 0x00000000e0000000)
  object space 131584K, 28% used [0x00000000a0000000,0x00000000a2430dd8,0x00000000a8080000)
 Metaspace       used 63551K, capacity 66360K, committed 66560K, reserved 1105920K
  class space    used 9127K, capacity 9710K, committed 9728K, reserved 1048576K
Event: 28.025 GC heap after
Heap after GC invocations=15 (full 3):
 PSYoungGen      total 209920K, used 19965K [0x00000000e0000000, 0x00000000eea00000, 0x0000000100000000)
  eden space 189952K, 0% used [0x00000000e0000000,0x00000000e0000000,0x00000000eb980000)
  from space 19968K, 99% used [0x00000000ed680000,0x00000000ee9ff7e8,0x00000000eea00000)
  to   space 23552K, 0% used [0x00000000ebc00000,0x00000000ebc00000,0x00000000ed300000)
 ParOldGen       total 131584K, used 40225K [0x00000000a0000000, 0x00000000a8080000, 0x00000000e0000000)
  object space 131584K, 30% used [0x00000000a0000000,0x00000000a2748550,0x00000000a8080000)
 Metaspace       used 63551K, capacity 66360K, committed 66560K, reserved 1105920K
  class space    used 9127K, capacity 9710K, committed 9728K, reserved 1048576K
}

Deoptimization events (10 events):
Event: 30.771 Thread 0x000000001f00a800 Uncommon trap: reason=unstable_if action=reinterpret pc=0x00000000041532a0 method=java.lang.String.lastIndexOf([CII[CIII)I @ 17
Event: 31.131 Thread 0x000000001a07b800 Uncommon trap: reason=class_check action=maybe_recompile pc=0x00000000036a1b68 method=org.gradle.internal.serialize.AbstractDecoder.readBytes([B)V @ 5
Event: 31.131 Thread 0x000000001a07b800 Uncommon trap: reason=class_check action=maybe_recompile pc=0x00000000036a1b68 method=org.gradle.internal.serialize.AbstractDecoder.readBytes([B)V @ 5
Event: 31.132 Thread 0x000000001a07b800 Uncommon trap: reason=class_check action=maybe_recompile pc=0x00000000036a1b68 method=org.gradle.internal.serialize.AbstractDecoder.readBytes([B)V @ 5
Event: 31.132 Thread 0x000000001a07b800 Uncommon trap: reason=class_check action=maybe_recompile pc=0x00000000036a1b68 method=org.gradle.internal.serialize.AbstractDecoder.readBytes([B)V @ 5
Event: 31.574 Thread 0x000000001f00a800 Uncommon trap: reason=predicate action=maybe_recompile pc=0x0000000002fb60b8 method=java.util.AbstractCollection.toArray([Ljava/lang/Object;)[Ljava/lang/Object; @ 49
Event: 31.770 Thread 0x000000001f00a800 Uncommon trap: reason=array_check action=maybe_recompile pc=0x00000000047260f0 method=java.util.AbstractCollection.toArray([Ljava/lang/Object;)[Ljava/lang/Object; @ 119
Event: 31.770 Thread 0x000000001f00a800 Uncommon trap: reason=array_check action=maybe_recompile pc=0x00000000047260f0 method=java.util.AbstractCollection.toArray([Ljava/lang/Object;)[Ljava/lang/Object; @ 119
Event: 31.771 Thread 0x000000001f00a800 Uncommon trap: reason=array_check action=maybe_recompile pc=0x00000000047260f0 method=java.util.AbstractCollection.toArray([Ljava/lang/Object;)[Ljava/lang/Object; @ 119
Event: 31.771 Thread 0x000000001f00a800 Uncommon trap: reason=array_check action=maybe_recompile pc=0x00000000047260f0 method=java.util.AbstractCollection.toArray([Ljava/lang/Object;)[Ljava/lang/Object; @ 119

Internal exceptions (10 events):
Event: 26.662 Thread 0x000000001b7f0800 Exception <a 'sun/nio/fs/WindowsException'> (0x00000000e60888f8) thrown at [C:\re\workspace\8-2-build-windows-amd64-cygwin\jdk8u131\8869\hotspot\src\share\vm\prims\jni.cpp, line 709]
Event: 27.099 Thread 0x000000001f00a800 Exception <a 'java/lang/NoSuchMethodError': <clinit>> (0x00000000e74004d8) thrown at [C:\re\workspace\8-2-build-windows-amd64-cygwin\jdk8u131\8869\hotspot\src\share\vm\prims\jni.cpp, line 1613]
Event: 27.367 Thread 0x000000001b7ec800 Exception <a 'sun/nio/fs/WindowsException'> (0x00000000e7e7eee8) thrown at [C:\re\workspace\8-2-build-windows-amd64-cygwin\jdk8u131\8869\hotspot\src\share\vm\prims\jni.cpp, line 709]
Event: 27.491 Thread 0x000000001b7ec800 Exception <a 'java/lang/NoSuchMethodError': java.lang.Object.lambda$identity$2(Ljava/lang/Object;)Ljava/lang/Object;> (0x00000000e811a0d0) thrown at [C:\re\workspace\8-2-build-windows-amd64-cygwin\jdk8u131\8869\hotspot\src\share\vm\interpreter\linkResolve
Event: 27.944 Thread 0x000000001b7f6800 Implicit null exception at 0x0000000003164c2f to 0x0000000003164d21
Event: 27.944 Thread 0x000000001b7f5800 Implicit null exception at 0x0000000003164c2f to 0x0000000003164d21
Event: 27.944 Thread 0x000000001b7f4000 Implicit null exception at 0x0000000003164c2f to 0x0000000003164d21
Event: 29.702 Thread 0x000000001b7f5800 Implicit null exception at 0x00000000042eaf4f to 0x00000000042eb0b1
Event: 30.579 Thread 0x000000001b7f5800 Exception <a 'sun/nio/fs/WindowsException'> (0x00000000e485cc28) thrown at [C:\re\workspace\8-2-build-windows-amd64-cygwin\jdk8u131\8869\hotspot\src\share\vm\prims\jni.cpp, line 709]
Event: 30.720 Thread 0x000000001f00a800 Implicit null exception at 0x00000000040d6de0 to 0x00000000040d70a5

Events (10 events):
Event: 31.770 Thread 0x000000001f00a800 DEOPT UNPACKING pc=0x0000000002eb582a sp=0x0000000025f3a138 mode 2
Event: 31.770 Thread 0x000000001f00a800 Uncommon trap: trap_request=0xffffffd6 fr.pc=0x00000000047260f0
Event: 31.770 Thread 0x000000001f00a800 DEOPT PACKING pc=0x00000000047260f0 sp=0x0000000025f3a1b0
Event: 31.770 Thread 0x000000001f00a800 DEOPT UNPACKING pc=0x0000000002eb582a sp=0x0000000025f3a138 mode 2
Event: 31.771 Thread 0x000000001f00a800 Uncommon trap: trap_request=0xffffffd6 fr.pc=0x00000000047260f0
Event: 31.771 Thread 0x000000001f00a800 DEOPT PACKING pc=0x00000000047260f0 sp=0x0000000025f3a1b0
Event: 31.771 Thread 0x000000001f00a800 DEOPT UNPACKING pc=0x0000000002eb582a sp=0x0000000025f3a138 mode 2
Event: 31.771 Thread 0x000000001f00a800 Uncommon trap: trap_request=0xffffffd6 fr.pc=0x00000000047260f0
Event: 31.771 Thread 0x000000001f00a800 DEOPT PACKING pc=0x00000000047260f0 sp=0x0000000025f3a1b0
Event: 31.771 Thread 0x000000001f00a800 DEOPT UNPACKING pc=0x0000000002eb582a sp=0x0000000025f3a138 mode 2


Dynamic libraries:
0x00007ff771b10000 - 0x00007ff771b47000 	D:\Program Files\Java\jdk1.8.0_131\bin\java.exe
0x00007ffe412c0000 - 0x00007ffe414b0000 	C:\WINDOWS\SYSTEM32\ntdll.dll
0x00007ffe3f750000 - 0x00007ffe3f802000 	C:\WINDOWS\System32\KERNEL32.DLL
0x00007ffe3eb70000 - 0x00007ffe3ee13000 	C:\WINDOWS\System32\KERNELBASE.dll
0x00007ffe3fc30000 - 0x00007ffe3fcd3000 	C:\WINDOWS\System32\ADVAPI32.dll
0x00007ffe41110000 - 0x00007ffe411ae000 	C:\WINDOWS\System32\msvcrt.dll
0x00007ffe40ae0000 - 0x00007ffe40b77000 	C:\WINDOWS\System32\sechost.dll
0x00007ffe3faa0000 - 0x00007ffe3fbc0000 	C:\WINDOWS\System32\RPCRT4.dll
0x00007ffe3f380000 - 0x00007ffe3f514000 	C:\WINDOWS\System32\USER32.dll
0x00007ffe3f240000 - 0x00007ffe3f261000 	C:\WINDOWS\System32\win32u.dll
0x00007ffe3f930000 - 0x00007ffe3f956000 	C:\WINDOWS\System32\GDI32.dll
0x00007ffe3eea0000 - 0x00007ffe3f034000 	C:\WINDOWS\System32\gdi32full.dll
0x00007ffe3e350000 - 0x00007ffe3e3ee000 	C:\WINDOWS\System32\msvcp_win.dll
0x00007ffe3f270000 - 0x00007ffe3f36a000 	C:\WINDOWS\System32\ucrtbase.dll
0x00007ffe3d690000 - 0x00007ffe3d915000 	C:\WINDOWS\WinSxS\amd64_microsoft.windows.common-controls_6595b64144ccf1df_6.0.18362.720_none_e6beb5c51314836b\COMCTL32.dll
0x00007ffe3fd60000 - 0x00007ffe40096000 	C:\WINDOWS\System32\combase.dll
0x00007ffe3ee20000 - 0x00007ffe3eea0000 	C:\WINDOWS\System32\bcryptPrimitives.dll
0x00007ffe40ab0000 - 0x00007ffe40ade000 	C:\WINDOWS\System32\IMM32.DLL
0x00000000543c0000 - 0x0000000054492000 	D:\Program Files\Java\jdk1.8.0_131\jre\bin\msvcr100.dll
0x0000000052cc0000 - 0x000000005355c000 	D:\Program Files\Java\jdk1.8.0_131\jre\bin\server\jvm.dll
0x00007ffe3f370000 - 0x00007ffe3f378000 	C:\WINDOWS\System32\PSAPI.DLL
0x00007ffe24d70000 - 0x00007ffe24d79000 	C:\WINDOWS\SYSTEM32\WSOCK32.dll
0x00007ffe3fbc0000 - 0x00007ffe3fc2f000 	C:\WINDOWS\System32\WS2_32.dll
0x00007ffe36e40000 - 0x00007ffe36e64000 	C:\WINDOWS\SYSTEM32\WINMM.dll
0x00007ffe2bdb0000 - 0x00007ffe2bdba000 	C:\WINDOWS\SYSTEM32\VERSION.dll
0x00007ffe36e10000 - 0x00007ffe36e3d000 	C:\WINDOWS\SYSTEM32\WINMMBASE.dll
0x00007ffe3e270000 - 0x00007ffe3e2ba000 	C:\WINDOWS\System32\cfgmgr32.dll
0x0000000054bc0000 - 0x0000000054bcf000 	D:\Program Files\Java\jdk1.8.0_131\jre\bin\verify.dll
0x0000000054390000 - 0x00000000543b9000 	D:\Program Files\Java\jdk1.8.0_131\jre\bin\java.dll
0x0000000054370000 - 0x0000000054386000 	D:\Program Files\Java\jdk1.8.0_131\jre\bin\zip.dll
0x00007ffe400a0000 - 0x00007ffe40785000 	C:\WINDOWS\System32\SHELL32.dll
0x00007ffe41060000 - 0x00007ffe41109000 	C:\WINDOWS\System32\shcore.dll
0x00007ffe3e3f0000 - 0x00007ffe3eb70000 	C:\WINDOWS\System32\windows.storage.dll
0x00007ffe3e200000 - 0x00007ffe3e223000 	C:\WINDOWS\System32\profapi.dll
0x00007ffe3e190000 - 0x00007ffe3e1da000 	C:\WINDOWS\System32\powrprof.dll
0x00007ffe3e180000 - 0x00007ffe3e190000 	C:\WINDOWS\System32\UMPDC.dll
0x00007ffe3f810000 - 0x00007ffe3f862000 	C:\WINDOWS\System32\shlwapi.dll
0x00007ffe3e230000 - 0x00007ffe3e241000 	C:\WINDOWS\System32\kernel.appcore.dll
0x00007ffe3e250000 - 0x00007ffe3e267000 	C:\WINDOWS\System32\cryptsp.dll
0x0000000054350000 - 0x000000005436a000 	D:\Program Files\Java\jdk1.8.0_131\jre\bin\net.dll
0x00007ffe3d370000 - 0x00007ffe3d3d7000 	C:\WINDOWS\system32\mswsock.dll
0x0000000054330000 - 0x0000000054341000 	D:\Program Files\Java\jdk1.8.0_131\jre\bin\nio.dll
0x00007ffe31f90000 - 0x00007ffe31fb6000 	C:\Users\18432\.gradle\native\30\windows-amd64\native-platform.dll
0x0000000054320000 - 0x000000005432d000 	D:\Program Files\Java\jdk1.8.0_131\jre\bin\management.dll
0x00007ffe3cee0000 - 0x00007ffe3cf13000 	C:\WINDOWS\system32\rsaenh.dll
0x00007ffe3e320000 - 0x00007ffe3e346000 	C:\WINDOWS\System32\bcrypt.dll
0x00007ffe3e070000 - 0x00007ffe3e095000 	C:\WINDOWS\SYSTEM32\USERENV.dll
0x00007ffe3d540000 - 0x00007ffe3d54c000 	C:\WINDOWS\SYSTEM32\CRYPTBASE.dll
0x00007ffe3d080000 - 0x00007ffe3d0ba000 	C:\WINDOWS\SYSTEM32\IPHLPAPI.DLL
0x00007ffe3f920000 - 0x00007ffe3f928000 	C:\WINDOWS\System32\NSI.dll
0x00007ffe2bf40000 - 0x00007ffe2bf56000 	C:\WINDOWS\SYSTEM32\dhcpcsvc6.DLL
0x00007ffe2c010000 - 0x00007ffe2c02c000 	C:\WINDOWS\SYSTEM32\dhcpcsvc.DLL
0x00007ffe3d0c0000 - 0x00007ffe3d18a000 	C:\WINDOWS\SYSTEM32\DNSAPI.dll
0x00007ffe3dc60000 - 0x00007ffe3dc91000 	C:\WINDOWS\SYSTEM32\ntmarta.dll

VM Arguments:
jvm_args: -Xmx1536m -Dfile.encoding=GBK -Duser.country=CN -Duser.language=zh -Duser.variant 
java_command: org.gradle.launcher.daemon.bootstrap.GradleDaemon 5.6.4
java_class_path (initial): C:\Users\18432\.gradle\wrapper\dists\gradle-5.6.4-all\ankdp27end7byghfw1q2sw75f\gradle-5.6.4\lib\gradle-launcher-5.6.4.jar
Launcher Type: SUN_STANDARD

Environment Variables:
CLASSPATH=.;D:\Program Files\Java\jdk1.8.0_131\lib\dt.jar;D:\Program Files\Java\jdk1.8.0_131\lib\tools.jar
PATH=C:\ProgramData\Oracle\Java\javapath;F:\app\18432\product\11.2.0\dbhome_1\bin;C:\Program Files (x86)\Intel\iCLS Client\;C:\Program Files\Intel\iCLS Client\;C:\windows\system32;C:\windows;C:\windows\System32\Wbem;C:\windows\System32\WindowsPowerShell\v1.0\;C:\Program Files (x86)\NVIDIA Corporation\PhysX\Common;C:\Program Files (x86)\Intel\Intel(R) Management Engine Components\DAL;C:\Program Files\Intel\Intel(R) Management Engine Components\DAL;C:\Program Files (x86)\Intel\Intel(R) Management Engine Components\IPT;C:\Program Files\Intel\Intel(R) Management Engine Components\IPT;C:\WINDOWS\system32;C:\WINDOWS;C:\WINDOWS\System32\Wbem;C:\WINDOWS\System32\WindowsPowerShell\v1.0\;C:\Program Files (x86)\Windows Kits\8.1\Windows Performance Toolkit\;C:\Program Files\Microsoft SQL Server\110\Tools\Binn\;C:\Program Files (x86)\Microsoft SQL Server\100\Tools\Binn\;C:\Program Files\Microsoft SQL Server\100\Tools\Binn\;C:\Program Files\Microsoft SQL Server\100\DTS\Binn\;C:\Program Files (x86)\Microsoft SQL Server\100\Tools\Binn\VSShell\Common7\IDE\;C:\Program Files (x86)\Microsoft Visual Studio 9.0\Common7\IDE\PrivateAssemblies\;C:\Program Files (x86)\Microsoft SQL Server\100\DTS\Binn\;C:\Program Files\VisualSVN Server\bin;C:\Program Files\TortoiseSVN\bin;C:\Program Files\Intel\WiFi\bin\;C:\Program Files\Common Files\Intel\WirelessCommon\;C:\WINDOWS\System32\OpenSSH\;D:\Program Files\Java\jdk1.8.0_131\bin;D:\Program Files\Java\jdk1.8.0_131\jre\bin;D:\GitHub\Git\cmd;D:\Python\Scripts\;D:\Python\;C:\Users\18432\AppData\Local\Microsoft\WindowsApps;
USERNAME=18432
OS=Windows_NT
PROCESSOR_IDENTIFIER=Intel64 Family 6 Model 142 Stepping 10, GenuineIntel



---------------  S Y S T E M  ---------------

OS: Windows 10.0 , 64 bit Build 18362 (10.0.18362.329)

CPU:total 8 (initial active 8) (4 cores per cpu, 2 threads per core) family 6 model 142 stepping 10, cmov, cx8, fxsr, mmx, sse, sse2, sse3, ssse3, sse4.1, sse4.2, popcnt, avx, avx2, aes, clmul, erms, 3dnowpref, lzcnt, ht, tsc, tscinvbit, bmi1, bmi2, adx

Memory: 4k page, physical 8281304k(789068k free), swap 12475608k(5200k free)

vm_info: Java HotSpot(TM) 64-Bit Server VM (25.131-b11) for windows-amd64 JRE (1.8.0_131-b11), built on Mar 15 2017 01:23:53 by "java_re" with MS VC++ 10.0 (VS2010)

time: Mon Apr 13 22:35:20 2020
elapsed time: 31 seconds (0d 0h 0m 31s)

