#
# There is insufficient memory for the Java Runtime Environment to continue.
# Native memory allocation (malloc) failed to allocate 576816 bytes for Chunk::new
# Possible reasons:
#   The system is out of physical RAM or swap space
#   In 32 bit mode, the process size limit was hit
# Possible solutions:
#   Reduce memory load on the system
#   Increase physical memory or swap space
#   Check if swap backing store is full
#   Use 64 bit Java on a 64 bit OS
#   Decrease Java heap size (-Xmx/-Xms)
#   Decrease number of Java threads
#   Decrease Java thread stack sizes (-Xss)
#   Set larger code cache with -XX:ReservedCodeCacheSize=
# This output file may be truncated or incomplete.
#
#  Out of Memory Error (allocation.cpp:390), pid=25752, tid=0x0000000000006510
#
# JRE version: Java(TM) SE Runtime Environment (8.0_131-b11) (build 1.8.0_131-b11)
# Java VM: Java HotSpot(TM) 64-Bit Server VM (25.131-b11 mixed mode windows-amd64 compressed oops)
# Failed to write core dump. Minidumps are not enabled by default on client versions of Windows
#

---------------  T H R E A D  ---------------

Current thread (0x000000001899e800):  JavaThread "C2 CompilerThread0" daemon [_thread_in_native, id=25872, stack(0x0000000019070000,0x0000000019170000)]

Stack: [0x0000000019070000,0x0000000019170000]
[error occurred during error reporting (printing stack bounds), id 0xc0000005]

Native frames: (J=compiled Java code, j=interpreted, Vv=VM code, C=native code)


Current CompileTask:
C2:  16688 5051       4       sun.reflect.generics.parser.SignatureParser::parsePackageNameAndSimpleClassTypeSignature (139 bytes)


---------------  P R O C E S S  ---------------

Java Threads: ( => current thread )
  0x000000002238a000 JavaThread "Cache worker for file content cache (D:\Broadcast\.gradle\5.6.4\fileContent)" [_thread_blocked, id=11780, stack(0x00000000245c0000,0x00000000246c0000)]
  0x00000000216de800 JavaThread "Cache worker for file content cache (C:\Users\18432\.gradle\caches\5.6.4\fileContent)" [_thread_blocked, id=22808, stack(0x00000000244c0000,0x00000000245c0000)]
  0x00000000216db800 JavaThread "Memory manager" [_thread_blocked, id=22716, stack(0x00000000243c0000,0x00000000244c0000)]
  0x00000000216e0000 JavaThread "Cache worker for Build Output Cleanup Cache (D:\Broadcast\.gradle\buildOutputCleanup)" [_thread_blocked, id=23948, stack(0x0000000022f90000,0x0000000023090000)]
  0x00000000216da000 JavaThread "Build operations Thread 8" [_thread_blocked, id=1416, stack(0x0000000022e90000,0x0000000022f90000)]
  0x00000000216de000 JavaThread "Build operations Thread 7" [_thread_blocked, id=21392, stack(0x0000000022d90000,0x0000000022e90000)]
  0x00000000216d9800 JavaThread "Build operations Thread 6" [_thread_blocked, id=18980, stack(0x0000000022c90000,0x0000000022d90000)]
  0x00000000216db000 JavaThread "Build operations Thread 5" [_thread_blocked, id=13604, stack(0x0000000022b90000,0x0000000022c90000)]
  0x00000000216dd000 JavaThread "Build operations Thread 4" [_thread_blocked, id=22304, stack(0x0000000022830000,0x0000000022930000)]
  0x00000000216df800 JavaThread "Build operations Thread 3" [_thread_blocked, id=25544, stack(0x0000000022730000,0x0000000022830000)]
  0x00000000216dc800 JavaThread "Build operations Thread 2" [_thread_blocked, id=21608, stack(0x0000000022630000,0x0000000022730000)]
  0x0000000019abf000 JavaThread "Build operations" [_thread_blocked, id=24188, stack(0x0000000022530000,0x0000000022630000)]
  0x0000000019abd000 JavaThread "Cache worker for execution history cache (C:\Users\18432\.gradle\caches\5.6.4\executionHistory)" [_thread_blocked, id=25948, stack(0x0000000021460000,0x0000000021560000)]
  0x0000000019abc000 JavaThread "Cache worker for cache directory md-rule (C:\Users\18432\.gradle\caches\5.6.4\md-rule)" [_thread_blocked, id=20656, stack(0x0000000021220000,0x0000000021320000)]
  0x0000000019aba800 JavaThread "Cache worker for cache directory md-supplier (C:\Users\18432\.gradle\caches\5.6.4\md-supplier)" [_thread_blocked, id=20324, stack(0x0000000021360000,0x0000000021460000)]
  0x0000000019ac0800 JavaThread "Cache worker for file hash cache (D:\Broadcast\.gradle\5.6.4\fileHashes)" [_thread_blocked, id=15408, stack(0x000000001d2c0000,0x000000001d3c0000)]
  0x0000000019ac0000 JavaThread "Cache worker for journal cache (C:\Users\18432\.gradle\caches\journal-1)" [_thread_blocked, id=19236, stack(0x000000001d1c0000,0x000000001d2c0000)]
  0x0000000019abd800 JavaThread "File lock request listener" [_thread_in_native, id=25852, stack(0x000000001d0c0000,0x000000001d1c0000)]
  0x0000000019abb800 JavaThread "Cache worker for file hash cache (C:\Users\18432\.gradle\caches\5.6.4\fileHashes)" [_thread_blocked, id=9924, stack(0x000000001cfc0000,0x000000001d0c0000)]
  0x0000000019c46800 JavaThread "Thread-9" [_thread_blocked, id=25784, stack(0x000000001ccc0000,0x000000001cdc0000)]
  0x0000000019c45800 JavaThread "Stdin handler" [_thread_blocked, id=24644, stack(0x000000001cbc0000,0x000000001ccc0000)]
  0x0000000019c44800 JavaThread "Asynchronous log dispatcher for DefaultDaemonConnection: socket connection from /127.0.0.1:11818 to /127.0.0.1:11819" [_thread_blocked, id=16728, stack(0x000000001c9c0000,0x000000001cac0000)]
  0x0000000019c43000 JavaThread "Daemon worker" [_thread_in_Java, id=24552, stack(0x000000001c8c0000,0x000000001c9c0000)]
  0x0000000019c41000 JavaThread "Cancel handler" [_thread_blocked, id=23248, stack(0x000000001c7c0000,0x000000001c8c0000)]
  0x0000000019f70800 JavaThread "Handler for socket connection from /127.0.0.1:11818 to /127.0.0.1:11819" [_thread_in_native, id=22012, stack(0x000000001c4c0000,0x000000001c5c0000)]
  0x0000000019f69800 JavaThread "Daemon" [_thread_blocked, id=19252, stack(0x000000001c3c0000,0x000000001c4c0000)]
  0x0000000019c47800 JavaThread "Daemon periodic checks" [_thread_blocked, id=23732, stack(0x000000001c2c0000,0x000000001c3c0000)]
  0x000000001aee8000 JavaThread "Incoming local TCP Connector on port 11818" [_thread_in_native, id=15532, stack(0x000000001c110000,0x000000001c210000)]
  0x000000001ae39000 JavaThread "Daemon health stats" [_thread_blocked, id=24980, stack(0x000000001be10000,0x000000001bf10000)]
  0x0000000018a40000 JavaThread "Service Thread" daemon [_thread_blocked, id=15208, stack(0x0000000019470000,0x0000000019570000)]
  0x00000000189b7800 JavaThread "C1 CompilerThread3" daemon [_thread_blocked, id=20616, stack(0x0000000019370000,0x0000000019470000)]
  0x00000000189b3800 JavaThread "C2 CompilerThread2" daemon [_thread_blocked, id=12176, stack(0x0000000019270000,0x0000000019370000)]
  0x00000000189ab800 JavaThread "C2 CompilerThread1" daemon [_thread_blocked, id=22660, stack(0x0000000019170000,0x0000000019270000)]
=>0x000000001899e800 JavaThread "C2 CompilerThread0" daemon [_thread_in_native, id=25872, stack(0x0000000019070000,0x0000000019170000)]
  0x000000001899b000 JavaThread "Attach Listener" daemon [_thread_blocked, id=23084, stack(0x0000000018f70000,0x0000000019070000)]
  0x0000000018949000 JavaThread "Signal Dispatcher" daemon [_thread_blocked, id=10492, stack(0x0000000018e70000,0x0000000018f70000)]
  0x0000000002c79000 JavaThread "Finalizer" daemon [_thread_blocked, id=19864, stack(0x0000000018d10000,0x0000000018e10000)]
  0x0000000002c77800 JavaThread "Reference Handler" daemon [_thread_blocked, id=20244, stack(0x0000000018810000,0x0000000018910000)]
  0x0000000002b7e000 JavaThread "main" [_thread_blocked, id=23000, stack(0x0000000002a50000,0x0000000002b50000)]

Other Threads:
  0x0000000016a39800 VMThread [stack: 0x0000000018710000,0x0000000018810000] [id=21364]
  0x0000000018ab3000 WatcherThread [stack: 0x0000000019570000,0x0000000019670000] [id=20184]

VM state:not at safepoint (normal execution)

VM Mutex/Monitor currently owned by a thread: None

Heap:
 PSYoungGen      total 162304K, used 11583K [0x00000000e0000000, 0x00000000eb780000, 0x0000000100000000)
  eden space 147456K, 7% used [0x00000000e0000000,0x00000000e0b4ff60,0x00000000e9000000)
  from space 14848K, 0% used [0x00000000e9a80000,0x00000000e9a80000,0x00000000ea900000)
  to   space 11776K, 0% used [0x00000000eac00000,0x00000000eac00000,0x00000000eb780000)
 ParOldGen       total 82944K, used 33051K [0x00000000a0000000, 0x00000000a5100000, 0x00000000e0000000)
  object space 82944K, 39% used [0x00000000a0000000,0x00000000a2046ef0,0x00000000a5100000)
 Metaspace       used 55616K, capacity 57384K, committed 57472K, reserved 1099776K
  class space    used 7850K, capacity 8273K, committed 8320K, reserved 1048576K

Card table byte_map: [0x0000000012040000,0x0000000012350000] byte_map_base: 0x0000000011b40000

Marking Bits: (ParMarkBitMap*) 0x0000000052a1c720
 Begin Bits: [0x0000000012d50000, 0x0000000014550000)
 End Bits:   [0x0000000014550000, 0x0000000015d50000)

Polling page: 0x0000000000e70000

CodeCache: size=245760Kb used=16807Kb max_used=16819Kb free=228952Kb
 bounds [0x0000000002c80000, 0x0000000003d00000, 0x0000000011c80000]
 total_blobs=5620 nmethods=4838 adapters=692
 compilation: enabled

Compilation events (10 events):
Event: 16.684 Thread 0x00000000189b7800 5160       3       com.google.common.collect.Hashing::needsResizing (22 bytes)
Event: 16.684 Thread 0x00000000189b7800 nmethod 5160 0x0000000003cf0950 code [0x0000000003cf0aa0, 0x0000000003cf0c90]
Event: 16.684 Thread 0x00000000189b7800 5161       1       java.util.Locale::getDefault (4 bytes)
Event: 16.684 Thread 0x00000000189b7800 nmethod 5161 0x0000000003cf06d0 code [0x0000000003cf0820, 0x0000000003cf0910]
Event: 16.684 Thread 0x00000000189b7800 5162       3       org.gradle.internal.instantiation.AsmBackedClassGenerator$ClassBuilderImpl::putServiceRegistryOnStack (65 bytes)
Event: 16.684 Thread 0x00000000189b3800 5163       4       org.objectweb.asm.Attribute::computeAttributesSize (62 bytes)
Event: 16.685 Thread 0x00000000189b7800 nmethod 5162 0x0000000003cef9d0 code [0x0000000003cefba0, 0x0000000003cf0418]
Event: 16.685 Thread 0x00000000189b3800 nmethod 5163 0x0000000003cef5d0 code [0x0000000003cef720, 0x0000000003cef838]
Event: 16.686 Thread 0x00000000189b7800 5164       3       org.gradle.internal.reflect.annotations.impl.DefaultTypeAnnotationMetadataStore::getOrCreateBuilder (22 bytes)
Event: 16.686 Thread 0x00000000189ab800 5167       4       com.google.common.collect.ImmutableMap$Builder::ensureCapacity (39 bytes)

GC Heap History (10 events):
Event: 11.137 GC heap before
{Heap before GC invocations=10 (full 1):
 PSYoungGen      total 124928K, used 59471K [0x00000000e0000000, 0x00000000e8680000, 0x0000000100000000)
  eden space 113664K, 44% used [0x00000000e0000000,0x00000000e319d310,0x00000000e6f00000)
  from space 11264K, 76% used [0x00000000e7a80000,0x00000000e82f6c00,0x00000000e8580000)
  to   space 11776K, 0% used [0x00000000e6f00000,0x00000000e6f00000,0x00000000e7a80000)
 ParOldGen       total 55808K, used 9205K [0x00000000a0000000, 0x00000000a3680000, 0x00000000e0000000)
  object space 55808K, 16% used [0x00000000a0000000,0x00000000a08fd598,0x00000000a3680000)
 Metaspace       used 34459K, capacity 35296K, committed 35416K, reserved 1079296K
  class space    used 4837K, capacity 5059K, committed 5120K, reserved 1048576K
Event: 11.148 GC heap after
Heap after GC invocations=10 (full 1):
 PSYoungGen      total 125440K, used 9142K [0x00000000e0000000, 0x00000000eb780000, 0x0000000100000000)
  eden space 113664K, 0% used [0x00000000e0000000,0x00000000e0000000,0x00000000e6f00000)
  from space 11776K, 77% used [0x00000000e6f00000,0x00000000e77ed948,0x00000000e7a80000)
  to   space 11776K, 0% used [0x00000000eac00000,0x00000000eac00000,0x00000000eb780000)
 ParOldGen       total 55808K, used 9213K [0x00000000a0000000, 0x00000000a3680000, 0x00000000e0000000)
  object space 55808K, 16% used [0x00000000a0000000,0x00000000a08ff598,0x00000000a3680000)
 Metaspace       used 34459K, capacity 35296K, committed 35416K, reserved 1079296K
  class space    used 4837K, capacity 5059K, committed 5120K, reserved 1048576K
}
Event: 11.148 GC heap before
{Heap before GC invocations=11 (full 2):
 PSYoungGen      total 125440K, used 9142K [0x00000000e0000000, 0x00000000eb780000, 0x0000000100000000)
  eden space 113664K, 0% used [0x00000000e0000000,0x00000000e0000000,0x00000000e6f00000)
  from space 11776K, 77% used [0x00000000e6f00000,0x00000000e77ed948,0x00000000e7a80000)
  to   space 11776K, 0% used [0x00000000eac00000,0x00000000eac00000,0x00000000eb780000)
 ParOldGen       total 55808K, used 9213K [0x00000000a0000000, 0x00000000a3680000, 0x00000000e0000000)
  object space 55808K, 16% used [0x00000000a0000000,0x00000000a08ff598,0x00000000a3680000)
 Metaspace       used 34459K, capacity 35296K, committed 35416K, reserved 1079296K
  class space    used 4837K, capacity 5059K, committed 5120K, reserved 1048576K
Event: 11.209 GC heap after
Heap after GC invocations=11 (full 2):
 PSYoungGen      total 125440K, used 0K [0x00000000e0000000, 0x00000000eb780000, 0x0000000100000000)
  eden space 113664K, 0% used [0x00000000e0000000,0x00000000e0000000,0x00000000e6f00000)
  from space 11776K, 0% used [0x00000000e6f00000,0x00000000e6f00000,0x00000000e7a80000)
  to   space 11776K, 0% used [0x00000000eac00000,0x00000000eac00000,0x00000000eb780000)
 ParOldGen       total 82944K, used 15995K [0x00000000a0000000, 0x00000000a5100000, 0x00000000e0000000)
  object space 82944K, 19% used [0x00000000a0000000,0x00000000a0f9ed48,0x00000000a5100000)
 Metaspace       used 34434K, capacity 35212K, committed 35416K, reserved 1079296K
  class space    used 4829K, capacity 5045K, committed 5120K, reserved 1048576K
}
Event: 13.372 GC heap before
{Heap before GC invocations=12 (full 2):
 PSYoungGen      total 125440K, used 113664K [0x00000000e0000000, 0x00000000eb780000, 0x0000000100000000)
  eden space 113664K, 100% used [0x00000000e0000000,0x00000000e6f00000,0x00000000e6f00000)
  from space 11776K, 0% used [0x00000000e6f00000,0x00000000e6f00000,0x00000000e7a80000)
  to   space 11776K, 0% used [0x00000000eac00000,0x00000000eac00000,0x00000000eb780000)
 ParOldGen       total 82944K, used 15995K [0x00000000a0000000, 0x00000000a5100000, 0x00000000e0000000)
  object space 82944K, 19% used [0x00000000a0000000,0x00000000a0f9ed48,0x00000000a5100000)
 Metaspace       used 45220K, capacity 46400K, committed 46464K, reserved 1089536K
  class space    used 6223K, capacity 6524K, committed 6528K, reserved 1048576K
Event: 13.388 GC heap after
Heap after GC invocations=12 (full 2):
 PSYoungGen      total 159232K, used 11766K [0x00000000e0000000, 0x00000000eb780000, 0x0000000100000000)
  eden space 147456K, 0% used [0x00000000e0000000,0x00000000e0000000,0x00000000e9000000)
  from space 11776K, 99% used [0x00000000eac00000,0x00000000eb77d850,0x00000000eb780000)
  to   space 14848K, 0% used [0x00000000e9a80000,0x00000000e9a80000,0x00000000ea900000)
 ParOldGen       total 82944K, used 20491K [0x00000000a0000000, 0x00000000a5100000, 0x00000000e0000000)
  object space 82944K, 24% used [0x00000000a0000000,0x00000000a1402d60,0x00000000a5100000)
 Metaspace       used 45220K, capacity 46400K, committed 46464K, reserved 1089536K
  class space    used 6223K, capacity 6524K, committed 6528K, reserved 1048576K
}
Event: 16.190 GC heap before
{Heap before GC invocations=13 (full 2):
 PSYoungGen      total 159232K, used 125861K [0x00000000e0000000, 0x00000000eb780000, 0x0000000100000000)
  eden space 147456K, 77% used [0x00000000e0000000,0x00000000e6f6bc88,0x00000000e9000000)
  from space 11776K, 99% used [0x00000000eac00000,0x00000000eb77d850,0x00000000eb780000)
  to   space 14848K, 0% used [0x00000000e9a80000,0x00000000e9a80000,0x00000000ea900000)
 ParOldGen       total 82944K, used 20491K [0x00000000a0000000, 0x00000000a5100000, 0x00000000e0000000)
  object space 82944K, 24% used [0x00000000a0000000,0x00000000a1402d60,0x00000000a5100000)
 Metaspace       used 55076K, capacity 56732K, committed 56832K, reserved 1101824K
  class space    used 7755K, capacity 8155K, committed 8192K, reserved 1048576K
Event: 16.209 GC heap after
Heap after GC invocations=13 (full 2):
 PSYoungGen      total 162304K, used 12853K [0x00000000e0000000, 0x00000000eb780000, 0x0000000100000000)
  eden space 147456K, 0% used [0x00000000e0000000,0x00000000e0000000,0x00000000e9000000)
  from space 14848K, 86% used [0x00000000e9a80000,0x00000000ea70d6b8,0x00000000ea900000)
  to   space 11776K, 0% used [0x00000000eac00000,0x00000000eac00000,0x00000000eb780000)
 ParOldGen       total 82944K, used 27547K [0x00000000a0000000, 0x00000000a5100000, 0x00000000e0000000)
  object space 82944K, 33% used [0x00000000a0000000,0x00000000a1ae6d98,0x00000000a5100000)
 Metaspace       used 55076K, capacity 56732K, committed 56832K, reserved 1101824K
  class space    used 7755K, capacity 8155K, committed 8192K, reserved 1048576K
}
Event: 16.209 GC heap before
{Heap before GC invocations=14 (full 3):
 PSYoungGen      total 162304K, used 12853K [0x00000000e0000000, 0x00000000eb780000, 0x0000000100000000)
  eden space 147456K, 0% used [0x00000000e0000000,0x00000000e0000000,0x00000000e9000000)
  from space 14848K, 86% used [0x00000000e9a80000,0x00000000ea70d6b8,0x00000000ea900000)
  to   space 11776K, 0% used [0x00000000eac00000,0x00000000eac00000,0x00000000eb780000)
 ParOldGen       total 82944K, used 27547K [0x00000000a0000000, 0x00000000a5100000, 0x00000000e0000000)
  object space 82944K, 33% used [0x00000000a0000000,0x00000000a1ae6d98,0x00000000a5100000)
 Metaspace       used 55076K, capacity 56732K, committed 56832K, reserved 1101824K
  class space    used 7755K, capacity 8155K, committed 8192K, reserved 1048576K
Event: 16.489 GC heap after
Heap after GC invocations=14 (full 3):
 PSYoungGen      total 162304K, used 0K [0x00000000e0000000, 0x00000000eb780000, 0x0000000100000000)
  eden space 147456K, 0% used [0x00000000e0000000,0x00000000e0000000,0x00000000e9000000)
  from space 14848K, 0% used [0x00000000e9a80000,0x00000000e9a80000,0x00000000ea900000)
  to   space 11776K, 0% used [0x00000000eac00000,0x00000000eac00000,0x00000000eb780000)
 ParOldGen       total 82944K, used 33051K [0x00000000a0000000, 0x00000000a5100000, 0x00000000e0000000)
  object space 82944K, 39% used [0x00000000a0000000,0x00000000a2046ef0,0x00000000a5100000)
 Metaspace       used 55076K, capacity 56732K, committed 56832K, reserved 1099776K
  class space    used 7755K, capacity 8155K, committed 8192K, reserved 1048576K
}

Deoptimization events (10 events):
Event: 15.680 Thread 0x0000000019c43000 Uncommon trap: reason=bimorphic action=maybe_recompile pc=0x0000000003269704 method=java.util.regex.Pattern$5.isSatisfiedBy(I)Z @ 16
Event: 15.680 Thread 0x0000000019c43000 Uncommon trap: reason=bimorphic action=maybe_recompile pc=0x0000000003269704 method=java.util.regex.Pattern$5.isSatisfiedBy(I)Z @ 16
Event: 15.680 Thread 0x0000000019c43000 Uncommon trap: reason=bimorphic action=maybe_recompile pc=0x0000000003269704 method=java.util.regex.Pattern$5.isSatisfiedBy(I)Z @ 16
Event: 15.680 Thread 0x0000000019c43000 Uncommon trap: reason=bimorphic action=maybe_recompile pc=0x0000000003269704 method=java.util.regex.Pattern$5.isSatisfiedBy(I)Z @ 16
Event: 16.115 Thread 0x0000000019c43000 Uncommon trap: reason=unstable_if action=reinterpret pc=0x0000000003911dc0 method=java.util.regex.Pattern$BmpCharProperty.match(Ljava/util/regex/Matcher;ILjava/lang/CharSequence;)Z @ 34
Event: 16.115 Thread 0x0000000019c43000 Uncommon trap: reason=unstable_if action=reinterpret pc=0x000000000329de28 method=java.util.regex.Pattern$BmpCharProperty.match(Ljava/util/regex/Matcher;ILjava/lang/CharSequence;)Z @ 34
Event: 16.121 Thread 0x0000000019c43000 Uncommon trap: reason=unstable_if action=reinterpret pc=0x00000000039b1b9c method=com.sun.org.apache.xerces.internal.impl.XMLEntityScanner.scanLiteral(ILcom/sun/org/apache/xerces/internal/xni/XMLString;Z)I @ 660
Event: 16.132 Thread 0x0000000019c43000 Uncommon trap: reason=unstable_if action=reinterpret pc=0x00000000039d7538 method=com.sun.org.apache.xerces.internal.util.SymbolTable.addSymbol([CII)Ljava/lang/String; @ 38
Event: 16.166 Thread 0x0000000019c43000 Uncommon trap: reason=unstable_if action=reinterpret pc=0x00000000039806d8 method=com.google.gson.stream.JsonReader.doPeek()I @ 315
Event: 16.596 Thread 0x0000000019c43000 Uncommon trap: reason=unstable_if action=reinterpret pc=0x00000000034ae674 method=java.lang.String.lastIndexOf([CII[CIII)I @ 118

Internal exceptions (10 events):
Event: 14.541 Thread 0x0000000019c43000 Exception <a 'java/lang/ClassNotFoundException': org/gradle/api/plugins/internal/DefaultBasePluginConventionCustomizer> (0x00000000e2a160f8) thrown at [C:\re\workspace\8-2-build-windows-amd64-cygwin\jdk8u131\8869\hotspot\src\share\vm\classfile\systemDicti
Event: 14.555 Thread 0x0000000019c43000 Exception <a 'java/lang/NoSuchMethodError': java.lang.Object.lambda$comparingInt$7b0bb60$1(Ljava/util/function/ToIntFunction;Ljava/lang/Object;Ljava/lang/Object;)I> (0x00000000e2a9b1e8) thrown at [C:\re\workspace\8-2-build-windows-amd64-cygwin\jdk8u131\88
Event: 15.189 Thread 0x0000000019c43000 Exception <a 'java/lang/ClassNotFoundException': com/android/build/gradle/internal/api/ApkVariantOutputImpl_DecoratedBeanInfo> (0x00000000e39f98a0) thrown at [C:\re\workspace\8-2-build-windows-amd64-cygwin\jdk8u131\8869\hotspot\src\share\vm\classfile\syst
Event: 15.190 Thread 0x0000000019c43000 Exception <a 'java/lang/ClassNotFoundException': com/android/build/gradle/internal/api/ApkVariantOutputImplBeanInfo> (0x00000000e3a15710) thrown at [C:\re\workspace\8-2-build-windows-amd64-cygwin\jdk8u131\8869\hotspot\src\share\vm\classfile\systemDictiona
Event: 15.190 Thread 0x0000000019c43000 Exception <a 'java/lang/ClassNotFoundException': com/android/build/gradle/internal/api/BaseVariantOutputImplBeanInfo> (0x00000000e3a32898) thrown at [C:\re\workspace\8-2-build-windows-amd64-cygwin\jdk8u131\8869\hotspot\src\share\vm\classfile\systemDiction
Event: 15.190 Thread 0x0000000019c43000 Exception <a 'java/lang/ClassNotFoundException': com/android/build/gradle/internal/api/BaseVariantOutputImplCustomizer> (0x00000000e3a4ff38) thrown at [C:\re\workspace\8-2-build-windows-amd64-cygwin\jdk8u131\8869\hotspot\src\share\vm\classfile\systemDicti
Event: 15.192 Thread 0x0000000019c43000 Exception <a 'java/lang/ClassNotFoundException': com/android/build/gradle/internal/api/ApkVariantOutputImplCustomizer> (0x00000000e3a87258) thrown at [C:\re\workspace\8-2-build-windows-amd64-cygwin\jdk8u131\8869\hotspot\src\share\vm\classfile\systemDictio
Event: 15.193 Thread 0x0000000019c43000 Exception <a 'java/lang/ClassNotFoundException': com/android/build/gradle/internal/api/ApkVariantOutputImpl_DecoratedCustomizer> (0x00000000e3ab9978) thrown at [C:\re\workspace\8-2-build-windows-amd64-cygwin\jdk8u131\8869\hotspot\src\share\vm\classfile\sy
Event: 15.725 Thread 0x0000000019c43000 Exception <a 'java/lang/ClassNotFoundException': com/sun/org/glassfish/hk2/osgiresourcelocator/ServiceLoader> (0x00000000e5416188) thrown at [C:\re\workspace\8-2-build-windows-amd64-cygwin\jdk8u131\8869\hotspot\src\share\vm\classfile\systemDictionary.cpp,
Event: 15.790 Thread 0x0000000019c43000 Exception <a 'java/lang/NullPointerException'> (0x00000000e58d9f30) thrown at [C:\re\workspace\8-2-build-windows-amd64-cygwin\jdk8u131\8869\hotspot\src\share\vm\interpreter\linkResolver.cpp, line 1299]

Events (10 events):
Event: 16.680 loading class com/android/build/gradle/tasks/ExtractDeepLinksTask$CreationAction$configure$1
Event: 16.680 loading class com/android/build/gradle/tasks/ExtractDeepLinksTask$CreationAction$configure$1 done
Event: 16.681 loading class java/util/stream/ReferencePipeline$7
Event: 16.681 loading class java/util/stream/ReferencePipeline$7 done
Event: 16.681 loading class java/util/stream/ReferencePipeline$7$1
Event: 16.681 loading class java/util/stream/ReferencePipeline$7$1 done
Event: 16.682 loading class com/android/build/gradle/tasks/ExtractDeepLinksTask$CreationAction$configure$1$1
Event: 16.682 loading class com/android/build/gradle/tasks/ExtractDeepLinksTask$CreationAction$configure$1$1 done
Event: 16.685 loading class com/android/build/gradle/internal/tasks/featuresplit/PackagedDependenciesWriterTask$content$2
Event: 16.685 loading class com/android/build/gradle/internal/tasks/featuresplit/PackagedDependenciesWriterTask$content$2 done


Dynamic libraries:
0x00007ff6ffff0000 - 0x00007ff700027000 	D:\Program Files\Java\jdk1.8.0_131\bin\java.exe
0x00007ffe185a0000 - 0x00007ffe18790000 	C:\WINDOWS\SYSTEM32\ntdll.dll
0x00007ffe16780000 - 0x00007ffe16832000 	C:\WINDOWS\System32\KERNEL32.DLL
0x00007ffe15660000 - 0x00007ffe15903000 	C:\WINDOWS\System32\KERNELBASE.dll
0x00007ffe184b0000 - 0x00007ffe18553000 	C:\WINDOWS\System32\ADVAPI32.dll
0x00007ffe17870000 - 0x00007ffe1790e000 	C:\WINDOWS\System32\msvcrt.dll
0x00007ffe17a60000 - 0x00007ffe17af7000 	C:\WINDOWS\System32\sechost.dll
0x00007ffe16a90000 - 0x00007ffe16bb0000 	C:\WINDOWS\System32\RPCRT4.dll
0x00007ffe16840000 - 0x00007ffe169d4000 	C:\WINDOWS\System32\USER32.dll
0x00007ffe163b0000 - 0x00007ffe163d1000 	C:\WINDOWS\System32\win32u.dll
0x00007ffe169e0000 - 0x00007ffe16a06000 	C:\WINDOWS\System32\GDI32.dll
0x00007ffe16400000 - 0x00007ffe16594000 	C:\WINDOWS\System32\gdi32full.dll
0x00007ffe16310000 - 0x00007ffe163ae000 	C:\WINDOWS\System32\msvcp_win.dll
0x00007ffe161e0000 - 0x00007ffe162da000 	C:\WINDOWS\System32\ucrtbase.dll
0x00007ffe14970000 - 0x00007ffe14bf5000 	C:\WINDOWS\WinSxS\amd64_microsoft.windows.common-controls_6595b64144ccf1df_6.0.18362.720_none_e6beb5c51314836b\COMCTL32.dll
0x00007ffe17bc0000 - 0x00007ffe17ef6000 	C:\WINDOWS\System32\combase.dll
0x00007ffe155e0000 - 0x00007ffe15660000 	C:\WINDOWS\System32\bcryptPrimitives.dll
0x00007ffe17910000 - 0x00007ffe1793e000 	C:\WINDOWS\System32\IMM32.DLL
0x0000000052aa0000 - 0x0000000052b72000 	D:\Program Files\Java\jdk1.8.0_131\jre\bin\msvcr100.dll
0x0000000052200000 - 0x0000000052a9c000 	D:\Program Files\Java\jdk1.8.0_131\jre\bin\server\jvm.dll
0x00007ffe17fd0000 - 0x00007ffe17fd8000 	C:\WINDOWS\System32\PSAPI.DLL
0x00007ffe04f80000 - 0x00007ffe04f8a000 	C:\WINDOWS\SYSTEM32\VERSION.dll
0x00007ffdfea20000 - 0x00007ffdfea29000 	C:\WINDOWS\SYSTEM32\WSOCK32.dll
0x00007ffe11370000 - 0x00007ffe11394000 	C:\WINDOWS\SYSTEM32\WINMM.dll
0x00007ffe17940000 - 0x00007ffe179af000 	C:\WINDOWS\System32\WS2_32.dll
0x00007ffe11340000 - 0x00007ffe1136d000 	C:\WINDOWS\SYSTEM32\WINMMBASE.dll
0x00007ffe15590000 - 0x00007ffe155da000 	C:\WINDOWS\System32\cfgmgr32.dll
0x00000000561e0000 - 0x00000000561ef000 	D:\Program Files\Java\jdk1.8.0_131\jre\bin\verify.dll
0x00000000550f0000 - 0x0000000055119000 	D:\Program Files\Java\jdk1.8.0_131\jre\bin\java.dll
0x00000000550d0000 - 0x00000000550e6000 	D:\Program Files\Java\jdk1.8.0_131\jre\bin\zip.dll
0x00007ffe16c80000 - 0x00007ffe17365000 	C:\WINDOWS\System32\SHELL32.dll
0x00007ffe179b0000 - 0x00007ffe17a59000 	C:\WINDOWS\System32\shcore.dll
0x00007ffe15a60000 - 0x00007ffe161e0000 	C:\WINDOWS\System32\windows.storage.dll
0x00007ffe15500000 - 0x00007ffe15523000 	C:\WINDOWS\System32\profapi.dll
0x00007ffe154b0000 - 0x00007ffe154fa000 	C:\WINDOWS\System32\powrprof.dll
0x00007ffe15460000 - 0x00007ffe15470000 	C:\WINDOWS\System32\UMPDC.dll
0x00007ffe16650000 - 0x00007ffe166a2000 	C:\WINDOWS\System32\shlwapi.dll
0x00007ffe15490000 - 0x00007ffe154a1000 	C:\WINDOWS\System32\kernel.appcore.dll
0x00007ffe163e0000 - 0x00007ffe163f7000 	C:\WINDOWS\System32\cryptsp.dll
0x00000000550b0000 - 0x00000000550ca000 	D:\Program Files\Java\jdk1.8.0_131\jre\bin\net.dll
0x00007ffe14650000 - 0x00007ffe146b7000 	C:\WINDOWS\system32\mswsock.dll
0x0000000055090000 - 0x00000000550a1000 	D:\Program Files\Java\jdk1.8.0_131\jre\bin\nio.dll
0x00007ffdd1970000 - 0x00007ffdd1996000 	C:\Users\18432\.gradle\native\30\windows-amd64\native-platform.dll
0x0000000055080000 - 0x000000005508d000 	D:\Program Files\Java\jdk1.8.0_131\jre\bin\management.dll
0x00007ffe141c0000 - 0x00007ffe141f3000 	C:\WINDOWS\system32\rsaenh.dll
0x00007ffe162e0000 - 0x00007ffe16306000 	C:\WINDOWS\System32\bcrypt.dll
0x00007ffe15380000 - 0x00007ffe153a5000 	C:\WINDOWS\SYSTEM32\USERENV.dll
0x00007ffe14820000 - 0x00007ffe1482c000 	C:\WINDOWS\SYSTEM32\CRYPTBASE.dll
0x00007ffe14360000 - 0x00007ffe1439a000 	C:\WINDOWS\SYSTEM32\IPHLPAPI.DLL
0x00007ffe177e0000 - 0x00007ffe177e8000 	C:\WINDOWS\System32\NSI.dll
0x00007ffe04670000 - 0x00007ffe04686000 	C:\WINDOWS\SYSTEM32\dhcpcsvc6.DLL
0x00007ffe05470000 - 0x00007ffe0548c000 	C:\WINDOWS\SYSTEM32\dhcpcsvc.DLL
0x00007ffe143a0000 - 0x00007ffe1446a000 	C:\WINDOWS\SYSTEM32\DNSAPI.dll

VM Arguments:
jvm_args: -Xmx1536m -Dfile.encoding=GBK -Duser.country=CN -Duser.language=zh -Duser.variant 
java_command: org.gradle.launcher.daemon.bootstrap.GradleDaemon 5.6.4
java_class_path (initial): C:\Users\18432\.gradle\wrapper\dists\gradle-5.6.4-all\ankdp27end7byghfw1q2sw75f\gradle-5.6.4\lib\gradle-launcher-5.6.4.jar
Launcher Type: SUN_STANDARD

Environment Variables:
JAVA_HOME=D:\Program Files\Java\jdk1.8.0_131
CLASSPATH=.;D:\Program Files\Java\jdk1.8.0_131\lib\dt.jar;D:\Program Files\Java\jdk1.8.0_131\lib\tools.jar
PATH=C:\ProgramData\Oracle\Java\javapath;F:\app\18432\product\11.2.0\dbhome_1\bin;C:\Program Files (x86)\Intel\iCLS Client\;C:\Program Files\Intel\iCLS Client\;C:\windows\system32;C:\windows;C:\windows\System32\Wbem;C:\windows\System32\WindowsPowerShell\v1.0\;C:\Program Files (x86)\NVIDIA Corporation\PhysX\Common;C:\Program Files (x86)\Intel\Intel(R) Management Engine Components\DAL;C:\Program Files\Intel\Intel(R) Management Engine Components\DAL;C:\Program Files (x86)\Intel\Intel(R) Management Engine Components\IPT;C:\Program Files\Intel\Intel(R) Management Engine Components\IPT;C:\WINDOWS\system32;C:\WINDOWS;C:\WINDOWS\System32\Wbem;C:\WINDOWS\System32\WindowsPowerShell\v1.0\;C:\Program Files (x86)\Windows Kits\8.1\Windows Performance Toolkit\;C:\Program Files\Microsoft SQL Server\110\Tools\Binn\;C:\Program Files (x86)\Microsoft SQL Server\100\Tools\Binn\;C:\Program Files\Microsoft SQL Server\100\Tools\Binn\;C:\Program Files\Microsoft SQL Server\100\DTS\Binn\;C:\Program Files (x86)\Microsoft SQL Server\100\Tools\Binn\VSShell\Common7\IDE\;C:\Program Files (x86)\Microsoft Visual Studio 9.0\Common7\IDE\PrivateAssemblies\;C:\Program Files (x86)\Microsoft SQL Server\100\DTS\Binn\;C:\Program Files\VisualSVN Server\bin;C:\Program Files\TortoiseSVN\bin;C:\Program Files\Intel\WiFi\bin\;C:\Program Files\Common Files\Intel\WirelessCommon\;C:\WINDOWS\System32\OpenSSH\;D:\Program Files\Java\jdk1.8.0_131\bin;D:\Program Files\Java\jdk1.8.0_131\jre\bin;D:\GitHub\Git\cmd;D:\Python\Scripts\;D:\Python\;C:\Users\18432\AppData\Local\Microsoft\WindowsApps;
USERNAME=18432
OS=Windows_NT
PROCESSOR_IDENTIFIER=Intel64 Family 6 Model 142 Stepping 10, GenuineIntel



---------------  S Y S T E M  ---------------

OS: Windows 10.0 , 64 bit Build 18362 (10.0.18362.329)

CPU:total 8 (initial active 8) (4 cores per cpu, 2 threads per core) family 6 model 142 stepping 10, cmov, cx8, fxsr, mmx, sse, sse2, sse3, ssse3, sse4.1, sse4.2, popcnt, avx, avx2, aes, clmul, erms, 3dnowpref, lzcnt, ht, tsc, tscinvbit, bmi1, bmi2, adx

Memory: 4k page, physical 8281304k(476260k free), swap 12475608k(0k free)

vm_info: Java HotSpot(TM) 64-Bit Server VM (25.131-b11) for windows-amd64 JRE (1.8.0_131-b11), built on Mar 15 2017 01:23:53 by "java_re" with MS VC++ 10.0 (VS2010)

time: Wed Apr 15 15:27:31 2020
elapsed time: 16 seconds (0d 0h 0m 16s)

